#
# There is insufficient memory for the Java Runtime Environment to continue.
# Native memory allocation (mmap) failed to map 65536 bytes. Error detail: Failed to commit metaspace.
# Possible reasons:
#   The system is out of physical RAM or swap space
#   This process is running with CompressedOops enabled, and the Java Heap may be blocking the growth of the native heap
# Possible solutions:
#   Reduce memory load on the system
#   Increase physical memory or swap space
#   Check if swap backing store is full
#   Decrease Java heap size (-Xmx/-Xms)
#   Decrease number of Java threads
#   Decrease Java thread stack sizes (-Xss)
#   Set larger code cache with -XX:ReservedCodeCacheSize=
#   JVM is running with Unscaled Compressed Oops mode in which the Java heap is
#     placed in the first 4GB address space. The Java Heap base address is the
#     maximum limit for the native heap growth. Please use -XX:HeapBaseMinAddress
#     to set the Java Heap base and to place the Java Heap above 4GB virtual address.
# This output file may be truncated or incomplete.
#
#  Out of Memory Error (virtualSpaceNode.cpp:112), pid=13040, tid=1884
#
# JRE version: Java(TM) SE Runtime Environment (22.0.1+8) (build 22.0.1+8-16)
# Java VM: Java HotSpot(TM) 64-Bit Server VM (22.0.1+8-16, mixed mode, tiered, compressed oops, compressed class ptrs, g1 gc, windows-amd64)
# No core dump will be written. Minidumps are not enabled by default on client versions of Windows
#

---------------  S U M M A R Y ------------

Command Line: -Dfile.encoding=UTF-8 travel.management.system.Login

Host: AMD Ryzen 5 4600H with Radeon Graphics         , 12 cores, 7G,  Windows 11 , 64 bit Build 22621 (10.0.22621.3672)
Time: Sat Jul 13 16:29:12 2024 India Standard Time elapsed time: 0.385755 seconds (0d 0h 0m 0s)

---------------  T H R E A D  ---------------

Current thread (0x00000152d3459960):  JavaThread "main"             [_thread_in_vm, id=1884, stack(0x0000000ef3600000,0x0000000ef3700000) (1024K)]

Stack: [0x0000000ef3600000,0x0000000ef3700000]
Native frames: (J=compiled Java code, j=interpreted, Vv=VM code, C=native code)
V  [jvm.dll+0x6e2279]  (no source info available)
V  [jvm.dll+0x874e33]  (no source info available)
V  [jvm.dll+0x87725e]  (no source info available)
V  [jvm.dll+0x877933]  (no source info available)
V  [jvm.dll+0x27fd76]  (no source info available)
V  [jvm.dll+0x870a7e]  (no source info available)
V  [jvm.dll+0x6852e5]  (no source info available)
V  [jvm.dll+0x68534a]  (no source info available)
V  [jvm.dll+0x687b8a]  (no source info available)
V  [jvm.dll+0x2250ac]  (no source info available)
V  [jvm.dll+0x685cfe]  (no source info available)
V  [jvm.dll+0x269eaf]  (no source info available)
V  [jvm.dll+0x68ff54]  (no source info available)
V  [jvm.dll+0x215301]  (no source info available)
V  [jvm.dll+0x21578a]  (no source info available)
V  [jvm.dll+0x2161b1]  (no source info available)
V  [jvm.dll+0x20b4ee]  (no source info available)
V  [jvm.dll+0x5c462f]  (no source info available)
V  [jvm.dll+0x21cc6a]  (no source info available)
V  [jvm.dll+0x7eb6dc]  (no source info available)
V  [jvm.dll+0x7ec776]  (no source info available)
V  [jvm.dll+0x7ecfa0]  (no source info available)
V  [jvm.dll+0x2165ac]  (no source info available)
V  [jvm.dll+0x20b507]  (no source info available)
V  [jvm.dll+0x5c462f]  (no source info available)
V  [jvm.dll+0x21cc6a]  (no source info available)
V  [jvm.dll+0x7eb6dc]  (no source info available)
V  [jvm.dll+0x7ec776]  (no source info available)
V  [jvm.dll+0x7ecfa0]  (no source info available)
V  [jvm.dll+0x2165ac]  (no source info available)
V  [jvm.dll+0x20b507]  (no source info available)
V  [jvm.dll+0x5c462f]  (no source info available)
V  [jvm.dll+0x21cc6a]  (no source info available)
V  [jvm.dll+0x7eb6dc]  (no source info available)
V  [jvm.dll+0x7ec776]  (no source info available)
V  [jvm.dll+0x7ecd84]  (no source info available)
V  [jvm.dll+0x7eca08]  (no source info available)
V  [jvm.dll+0x26d79b]  (no source info available)
V  [jvm.dll+0x3d9b4e]  (no source info available)
C  0x00000152e475a9d2  (no source info available)

The last pc belongs to new (printed below).
Java frames: (J=compiled Java code, j=interpreted, Vv=VM code)
j  javax.swing.plaf.basic.BasicLookAndFeel.initComponentDefaults(Ljavax/swing/UIDefaults;)V+356 java.desktop@22.0.1
j  javax.swing.plaf.metal.MetalLookAndFeel.initComponentDefaults(Ljavax/swing/UIDefaults;)V+2 java.desktop@22.0.1
j  javax.swing.plaf.basic.BasicLookAndFeel.getDefaults()Ljavax/swing/UIDefaults;+25 java.desktop@22.0.1
j  javax.swing.plaf.metal.MetalLookAndFeel.getDefaults()Ljavax/swing/UIDefaults;+9 java.desktop@22.0.1
j  javax.swing.UIManager.setLookAndFeel(Ljavax/swing/LookAndFeel;)V+66 java.desktop@22.0.1
j  javax.swing.UIManager.setLookAndFeel(Ljava/lang/String;)V+16 java.desktop@22.0.1
j  javax.swing.UIManager.initializeDefaultLAF(Ljava/util/Properties;)V+58 java.desktop@22.0.1
j  javax.swing.UIManager.initialize()V+9 java.desktop@22.0.1
j  javax.swing.UIManager.maybeInitialize()V+22 java.desktop@22.0.1
j  javax.swing.UIManager.getUI(Ljavax/swing/JComponent;)Ljavax/swing/plaf/ComponentUI;+0 java.desktop@22.0.1
j  javax.swing.JPanel.updateUI()V+2 java.desktop@22.0.1
j  javax.swing.JPanel.<init>(Ljava/awt/LayoutManager;Z)V+24 java.desktop@22.0.1
j  javax.swing.JPanel.<init>(Z)V+9 java.desktop@22.0.1
j  javax.swing.JPanel.<init>()V+2 java.desktop@22.0.1
j  javax.swing.JRootPane.createGlassPane()Ljava/awt/Component;+4 java.desktop@22.0.1
j  javax.swing.JRootPane.<init>()V+11 java.desktop@22.0.1
j  javax.swing.JFrame.createRootPane()Ljavax/swing/JRootPane;+4 java.desktop@22.0.1
j  javax.swing.JFrame.frameInit()V+16 java.desktop@22.0.1
j  javax.swing.JFrame.<init>()V+20 java.desktop@22.0.1
j  travel.management.system.Login.<init>()V+1
j  travel.management.system.Login.main([Ljava/lang/String;)V+4
v  ~StubRoutines::call_stub 0x00000152e474100d
new  187 new  [0x00000152e475a860, 0x00000152e475aa58]  504 bytes
[MachCode]
  0x00000152e475a860: 4883 ec08 | c5fa 1104 | 24eb 1f48 | 83ec 10c5 | fb11 0424 | eb14 4883 | ec10 4889 | 0424 48c7 
  0x00000152e475a880: 4424 0800 | 0000 00eb | 0150 410f | b755 010f | cac1 ea10 | 488b 4de8 | 488b 4908 | 488b 4908 
  0x00000152e475a8a0: 488b 4108 | 807c 1004 | 070f 85c6 | 0000 0066 | 8b54 d148 | 488b 4928 | 488b 4cd1 | 0851 80b9 
  0x00000152e475a8c0: 2001 0000 | 050f 85a9 | 0000 008b | 5108 f6c2 | 010f 859d | 0000 0049 | 8b87 b801 | 0000 488d 
  0x00000152e475a8e0: 1c10 493b | 9fc8 0100 | 000f 8785 | 0000 0049 | 899f b801 | 0000 4883 | ea10 0f84 | 0f00 0000 
  0x00000152e475a900: 33c9 c1ea | 0348 894c | d008 48ff | ca75 f648 | c700 0100 | 0000 5933 | f689 700c | 8948 0849 
  0x00000152e475a920: ba9d 3007 | a0f8 7f00 | 0041 803a | 000f 843c | 0000 0050 | 488b c848 | 83ec 2040 | f6c4 0f0f 
  0x00000152e475a940: 8419 0000 | 0048 83ec | 0848 b880 | b5b7 9ff8 | 7f00 00ff | d048 83c4 | 08e9 0c00 | 0000 48b8 
  0x00000152e475a960: 80b5 b79f | f87f 0000 | ffd0 4883 | c420 58e9 | cb00 0000 | 5948 8b55 | e848 8b52 | 0848 8b52 
  0x00000152e475a980: 0845 0fb7 | 4501 410f | c841 c1e8 | 10e8 0500 | 0000 e9a8 | 0000 0048 | 8d44 2408 | 4c89 6dc0 
  0x00000152e475a9a0: 498b cfc5 | f877 4989 | afb0 0300 | 0049 8987 | a003 0000 | 4883 ec20 | 40f6 c40f | 0f84 1900 
  0x00000152e475a9c0: 0000 4883 | ec08 48b8 | 009b 809f | f87f 0000 | ffd0 4883 | c408 e90c | 0000 0048 | b800 9b80 
  0x00000152e475a9e0: 9ff8 7f00 | 00ff d048 | 83c4 2049 | c787 a003 | 0000 0000 | 0000 49c7 | 87b0 0300 | 0000 0000 
  0x00000152e475aa00: 0049 c787 | a803 0000 | 0000 0000 | c5f8 7749 | 837f 0800 | 0f84 0500 | 0000 e9e1 | 64fe ff49 
  0x00000152e475aa20: 8b87 f803 | 0000 49c7 | 87f8 0300 | 0000 0000 | 004c 8b6d | c04c 8b75 | c84e 8d74 | f500 c341 
  0x00000152e475aa40: 0fb6 5d03 | 4983 c503 | 49ba f0f9 | 0aa0 f87f | 0000 41ff | 24da 6690 
[/MachCode]

---------------  P R O C E S S  ---------------

Threads class SMR info:
_java_thread_list=0x00000152846346b0, length=14, elements={
0x00000152d3459960, 0x0000015284077770, 0x0000015284078f50, 0x0000015284064730,
0x0000015284064da0, 0x0000015284069420, 0x0000015284069a90, 0x000001528406a100,
0x000001528406a8f0, 0x0000015284225000, 0x0000015284233310, 0x000001528463d950,
0x000001528464c3d0, 0x0000015284653d20
}

Java Threads: ( => current thread )
=>0x00000152d3459960 JavaThread "main"                              [_thread_in_vm, id=1884, stack(0x0000000ef3600000,0x0000000ef3700000) (1024K)]
  0x0000015284077770 JavaThread "Reference Handler"          daemon [_thread_blocked, id=19620, stack(0x0000000ef3e00000,0x0000000ef3f00000) (1024K)]
  0x0000015284078f50 JavaThread "Finalizer"                  daemon [_thread_blocked, id=12132, stack(0x0000000ef3f00000,0x0000000ef4000000) (1024K)]
  0x0000015284064730 JavaThread "Signal Dispatcher"          daemon [_thread_blocked, id=14860, stack(0x0000000ef4000000,0x0000000ef4100000) (1024K)]
  0x0000015284064da0 JavaThread "Attach Listener"            daemon [_thread_blocked, id=21508, stack(0x0000000ef4100000,0x0000000ef4200000) (1024K)]
  0x0000015284069420 JavaThread "Service Thread"             daemon [_thread_blocked, id=22524, stack(0x0000000ef4200000,0x0000000ef4300000) (1024K)]
  0x0000015284069a90 JavaThread "Monitor Deflation Thread"   daemon [_thread_blocked, id=3120, stack(0x0000000ef4300000,0x0000000ef4400000) (1024K)]
  0x000001528406a100 JavaThread "C2 CompilerThread0"         daemon [_thread_blocked, id=14144, stack(0x0000000ef4400000,0x0000000ef4500000) (1024K)]
  0x000001528406a8f0 JavaThread "C1 CompilerThread0"         daemon [_thread_in_vm, id=16004, stack(0x0000000ef4500000,0x0000000ef4600000) (1024K)]
  0x0000015284225000 JavaThread "Notification Thread"        daemon [_thread_blocked, id=11388, stack(0x0000000ef4600000,0x0000000ef4700000) (1024K)]
  0x0000015284233310 JavaThread "Common-Cleaner"             daemon [_thread_blocked, id=18848, stack(0x0000000ef4700000,0x0000000ef4800000) (1024K)]
  0x000001528463d950 JavaThread "Java2D Disposer"            daemon [_thread_blocked, id=15296, stack(0x0000000ef4800000,0x0000000ef4900000) (1024K)]
  0x000001528464c3d0 JavaThread "AWT-Shutdown"                      [_thread_blocked, id=12964, stack(0x0000000ef4900000,0x0000000ef4a00000) (1024K)]
  0x0000015284653d20 JavaThread "AWT-Windows"                daemon [_thread_in_native, id=872, stack(0x0000000ef4a00000,0x0000000ef4b00000) (1024K)]
Total: 14

Other Threads:
  0x00000152f20960d0 VMThread "VM Thread"                           [id=4612, stack(0x0000000ef3d00000,0x0000000ef3e00000) (1024K)]
  0x00000152f20138a0 WatcherThread "VM Periodic Task Thread"        [id=22156, stack(0x0000000ef3c00000,0x0000000ef3d00000) (1024K)]
  0x00000152d3749f80 WorkerThread "GC Thread#0"                     [id=14560, stack(0x0000000ef3700000,0x0000000ef3800000) (1024K)]
  0x00000152d375b390 ConcurrentGCThread "G1 Main Marker"            [id=21452, stack(0x0000000ef3800000,0x0000000ef3900000) (1024K)]
  0x00000152d375c050 WorkerThread "G1 Conc#0"                       [id=3168, stack(0x0000000ef3900000,0x0000000ef3a00000) (1024K)]
  0x00000152f1ee4580 ConcurrentGCThread "G1 Refine#0"               [id=8724, stack(0x0000000ef3a00000,0x0000000ef3b00000) (1024K)]
  0x00000152f1ee4d10 ConcurrentGCThread "G1 Service"                [id=18804, stack(0x0000000ef3b00000,0x0000000ef3c00000) (1024K)]
Total: 7

Threads with active compile tasks:
C1 CompilerThread0  410  383       3       jdk.internal.util.ReferencedKeyMap::entryKey (33 bytes)
Total: 1

VM state: not at safepoint (normal execution)

VM Mutex/Monitor currently owned by a thread:  ([mutex/lock_event])
[0x00007ff8a0099b38] Metaspace_lock - owner thread: 0x00000152d3459960

Heap address: 0x000000008a000000, size: 1888 MB, Compressed Oops mode: 32-bit

CDS archive(s) not mapped
Compressed class space mapped at: 0x0000000022000000-0x0000000062000000, reserved size: 1073741824
Narrow klass base: 0x0000000000000000, Narrow klass shift: 0, Narrow klass range: 0x62000000

GC Precious Log:
 CardTable entry size: 512
 Card Set container configuration: InlinePtr #cards 5 size 8 Array Of Cards #cards 12 size 40 Howl #buckets 4 coarsen threshold 1843 Howl Bitmap #cards 512 size 80 coarsen threshold 460 Card regions per heap region 1 cards per card region 2048
 CPUs: 12 total, 12 available
 Memory: 7549M
 Large Page Support: Disabled
 NUMA Support: Disabled
 Compressed Oops: Enabled (32-bit)
 Heap Region Size: 1M
 Heap Min Capacity: 8M
 Heap Initial Capacity: 118M
 Heap Max Capacity: 1888M
 Pre-touch: Disabled
 Parallel Workers: 10
 Concurrent Workers: 3
 Concurrent Refinement Workers: 10
 Periodic GC: Disabled

Heap:
 garbage-first heap   total reserved 1933312K, committed 120832K, used 3072K [0x000000008a000000, 0x0000000100000000)
  region size 1024K, 4 young (4096K), 0 survivors (0K)
 Metaspace       used 10755K, committed 10880K, reserved 1114112K
  class space    used 973K, committed 1024K, reserved 1048576K

Heap Regions: E=young(eden), S=young(survivor), O=old, HS=humongous(starts), HC=humongous(continues), CS=collection set, F=free, TAMS=top-at-mark-start, PB=parsable bottom
|   0|0x000000008a000000, 0x000000008a000000, 0x000000008a100000|  0%| F|  |TAMS 0x000000008a000000| PB 0x000000008a000000| Untracked |  0
|   1|0x000000008a100000, 0x000000008a100000, 0x000000008a200000|  0%| F|  |TAMS 0x000000008a100000| PB 0x000000008a100000| Untracked |  0
|   2|0x000000008a200000, 0x000000008a200000, 0x000000008a300000|  0%| F|  |TAMS 0x000000008a200000| PB 0x000000008a200000| Untracked |  0
|   3|0x000000008a300000, 0x000000008a300000, 0x000000008a400000|  0%| F|  |TAMS 0x000000008a300000| PB 0x000000008a300000| Untracked |  0
|   4|0x000000008a400000, 0x000000008a400000, 0x000000008a500000|  0%| F|  |TAMS 0x000000008a400000| PB 0x000000008a400000| Untracked |  0
|   5|0x000000008a500000, 0x000000008a500000, 0x000000008a600000|  0%| F|  |TAMS 0x000000008a500000| PB 0x000000008a500000| Untracked |  0
|   6|0x000000008a600000, 0x000000008a600000, 0x000000008a700000|  0%| F|  |TAMS 0x000000008a600000| PB 0x000000008a600000| Untracked |  0
|   7|0x000000008a700000, 0x000000008a700000, 0x000000008a800000|  0%| F|  |TAMS 0x000000008a700000| PB 0x000000008a700000| Untracked |  0
|   8|0x000000008a800000, 0x000000008a800000, 0x000000008a900000|  0%| F|  |TAMS 0x000000008a800000| PB 0x000000008a800000| Untracked |  0
|   9|0x000000008a900000, 0x000000008a900000, 0x000000008aa00000|  0%| F|  |TAMS 0x000000008a900000| PB 0x000000008a900000| Untracked |  0
|  10|0x000000008aa00000, 0x000000008aa00000, 0x000000008ab00000|  0%| F|  |TAMS 0x000000008aa00000| PB 0x000000008aa00000| Untracked |  0
|  11|0x000000008ab00000, 0x000000008ab00000, 0x000000008ac00000|  0%| F|  |TAMS 0x000000008ab00000| PB 0x000000008ab00000| Untracked |  0
|  12|0x000000008ac00000, 0x000000008ac00000, 0x000000008ad00000|  0%| F|  |TAMS 0x000000008ac00000| PB 0x000000008ac00000| Untracked |  0
|  13|0x000000008ad00000, 0x000000008ad00000, 0x000000008ae00000|  0%| F|  |TAMS 0x000000008ad00000| PB 0x000000008ad00000| Untracked |  0
|  14|0x000000008ae00000, 0x000000008ae00000, 0x000000008af00000|  0%| F|  |TAMS 0x000000008ae00000| PB 0x000000008ae00000| Untracked |  0
|  15|0x000000008af00000, 0x000000008af00000, 0x000000008b000000|  0%| F|  |TAMS 0x000000008af00000| PB 0x000000008af00000| Untracked |  0
|  16|0x000000008b000000, 0x000000008b000000, 0x000000008b100000|  0%| F|  |TAMS 0x000000008b000000| PB 0x000000008b000000| Untracked |  0
|  17|0x000000008b100000, 0x000000008b100000, 0x000000008b200000|  0%| F|  |TAMS 0x000000008b100000| PB 0x000000008b100000| Untracked |  0
|  18|0x000000008b200000, 0x000000008b200000, 0x000000008b300000|  0%| F|  |TAMS 0x000000008b200000| PB 0x000000008b200000| Untracked |  0
|  19|0x000000008b300000, 0x000000008b300000, 0x000000008b400000|  0%| F|  |TAMS 0x000000008b300000| PB 0x000000008b300000| Untracked |  0
|  20|0x000000008b400000, 0x000000008b400000, 0x000000008b500000|  0%| F|  |TAMS 0x000000008b400000| PB 0x000000008b400000| Untracked |  0
|  21|0x000000008b500000, 0x000000008b500000, 0x000000008b600000|  0%| F|  |TAMS 0x000000008b500000| PB 0x000000008b500000| Untracked |  0
|  22|0x000000008b600000, 0x000000008b600000, 0x000000008b700000|  0%| F|  |TAMS 0x000000008b600000| PB 0x000000008b600000| Untracked |  0
|  23|0x000000008b700000, 0x000000008b700000, 0x000000008b800000|  0%| F|  |TAMS 0x000000008b700000| PB 0x000000008b700000| Untracked |  0
|  24|0x000000008b800000, 0x000000008b800000, 0x000000008b900000|  0%| F|  |TAMS 0x000000008b800000| PB 0x000000008b800000| Untracked |  0
|  25|0x000000008b900000, 0x000000008b900000, 0x000000008ba00000|  0%| F|  |TAMS 0x000000008b900000| PB 0x000000008b900000| Untracked |  0
|  26|0x000000008ba00000, 0x000000008ba00000, 0x000000008bb00000|  0%| F|  |TAMS 0x000000008ba00000| PB 0x000000008ba00000| Untracked |  0
|  27|0x000000008bb00000, 0x000000008bb00000, 0x000000008bc00000|  0%| F|  |TAMS 0x000000008bb00000| PB 0x000000008bb00000| Untracked |  0
|  28|0x000000008bc00000, 0x000000008bc00000, 0x000000008bd00000|  0%| F|  |TAMS 0x000000008bc00000| PB 0x000000008bc00000| Untracked |  0
|  29|0x000000008bd00000, 0x000000008bd00000, 0x000000008be00000|  0%| F|  |TAMS 0x000000008bd00000| PB 0x000000008bd00000| Untracked |  0
|  30|0x000000008be00000, 0x000000008be00000, 0x000000008bf00000|  0%| F|  |TAMS 0x000000008be00000| PB 0x000000008be00000| Untracked |  0
|  31|0x000000008bf00000, 0x000000008bf00000, 0x000000008c000000|  0%| F|  |TAMS 0x000000008bf00000| PB 0x000000008bf00000| Untracked |  0
|  32|0x000000008c000000, 0x000000008c000000, 0x000000008c100000|  0%| F|  |TAMS 0x000000008c000000| PB 0x000000008c000000| Untracked |  0
|  33|0x000000008c100000, 0x000000008c100000, 0x000000008c200000|  0%| F|  |TAMS 0x000000008c100000| PB 0x000000008c100000| Untracked |  0
|  34|0x000000008c200000, 0x000000008c200000, 0x000000008c300000|  0%| F|  |TAMS 0x000000008c200000| PB 0x000000008c200000| Untracked |  0
|  35|0x000000008c300000, 0x000000008c300000, 0x000000008c400000|  0%| F|  |TAMS 0x000000008c300000| PB 0x000000008c300000| Untracked |  0
|  36|0x000000008c400000, 0x000000008c400000, 0x000000008c500000|  0%| F|  |TAMS 0x000000008c400000| PB 0x000000008c400000| Untracked |  0
|  37|0x000000008c500000, 0x000000008c500000, 0x000000008c600000|  0%| F|  |TAMS 0x000000008c500000| PB 0x000000008c500000| Untracked |  0
|  38|0x000000008c600000, 0x000000008c600000, 0x000000008c700000|  0%| F|  |TAMS 0x000000008c600000| PB 0x000000008c600000| Untracked |  0
|  39|0x000000008c700000, 0x000000008c700000, 0x000000008c800000|  0%| F|  |TAMS 0x000000008c700000| PB 0x000000008c700000| Untracked |  0
|  40|0x000000008c800000, 0x000000008c800000, 0x000000008c900000|  0%| F|  |TAMS 0x000000008c800000| PB 0x000000008c800000| Untracked |  0
|  41|0x000000008c900000, 0x000000008c900000, 0x000000008ca00000|  0%| F|  |TAMS 0x000000008c900000| PB 0x000000008c900000| Untracked |  0
|  42|0x000000008ca00000, 0x000000008ca00000, 0x000000008cb00000|  0%| F|  |TAMS 0x000000008ca00000| PB 0x000000008ca00000| Untracked |  0
|  43|0x000000008cb00000, 0x000000008cb00000, 0x000000008cc00000|  0%| F|  |TAMS 0x000000008cb00000| PB 0x000000008cb00000| Untracked |  0
|  44|0x000000008cc00000, 0x000000008cc00000, 0x000000008cd00000|  0%| F|  |TAMS 0x000000008cc00000| PB 0x000000008cc00000| Untracked |  0
|  45|0x000000008cd00000, 0x000000008cd00000, 0x000000008ce00000|  0%| F|  |TAMS 0x000000008cd00000| PB 0x000000008cd00000| Untracked |  0
|  46|0x000000008ce00000, 0x000000008ce00000, 0x000000008cf00000|  0%| F|  |TAMS 0x000000008ce00000| PB 0x000000008ce00000| Untracked |  0
|  47|0x000000008cf00000, 0x000000008cf00000, 0x000000008d000000|  0%| F|  |TAMS 0x000000008cf00000| PB 0x000000008cf00000| Untracked |  0
|  48|0x000000008d000000, 0x000000008d000000, 0x000000008d100000|  0%| F|  |TAMS 0x000000008d000000| PB 0x000000008d000000| Untracked |  0
|  49|0x000000008d100000, 0x000000008d100000, 0x000000008d200000|  0%| F|  |TAMS 0x000000008d100000| PB 0x000000008d100000| Untracked |  0
|  50|0x000000008d200000, 0x000000008d200000, 0x000000008d300000|  0%| F|  |TAMS 0x000000008d200000| PB 0x000000008d200000| Untracked |  0
|  51|0x000000008d300000, 0x000000008d300000, 0x000000008d400000|  0%| F|  |TAMS 0x000000008d300000| PB 0x000000008d300000| Untracked |  0
|  52|0x000000008d400000, 0x000000008d400000, 0x000000008d500000|  0%| F|  |TAMS 0x000000008d400000| PB 0x000000008d400000| Untracked |  0
|  53|0x000000008d500000, 0x000000008d500000, 0x000000008d600000|  0%| F|  |TAMS 0x000000008d500000| PB 0x000000008d500000| Untracked |  0
|  54|0x000000008d600000, 0x000000008d600000, 0x000000008d700000|  0%| F|  |TAMS 0x000000008d600000| PB 0x000000008d600000| Untracked |  0
|  55|0x000000008d700000, 0x000000008d700000, 0x000000008d800000|  0%| F|  |TAMS 0x000000008d700000| PB 0x000000008d700000| Untracked |  0
|  56|0x000000008d800000, 0x000000008d800000, 0x000000008d900000|  0%| F|  |TAMS 0x000000008d800000| PB 0x000000008d800000| Untracked |  0
|  57|0x000000008d900000, 0x000000008d900000, 0x000000008da00000|  0%| F|  |TAMS 0x000000008d900000| PB 0x000000008d900000| Untracked |  0
|  58|0x000000008da00000, 0x000000008da00000, 0x000000008db00000|  0%| F|  |TAMS 0x000000008da00000| PB 0x000000008da00000| Untracked |  0
|  59|0x000000008db00000, 0x000000008db00000, 0x000000008dc00000|  0%| F|  |TAMS 0x000000008db00000| PB 0x000000008db00000| Untracked |  0
|  60|0x000000008dc00000, 0x000000008dc00000, 0x000000008dd00000|  0%| F|  |TAMS 0x000000008dc00000| PB 0x000000008dc00000| Untracked |  0
|  61|0x000000008dd00000, 0x000000008dd00000, 0x000000008de00000|  0%| F|  |TAMS 0x000000008dd00000| PB 0x000000008dd00000| Untracked |  0
|  62|0x000000008de00000, 0x000000008de00000, 0x000000008df00000|  0%| F|  |TAMS 0x000000008de00000| PB 0x000000008de00000| Untracked |  0
|  63|0x000000008df00000, 0x000000008df00000, 0x000000008e000000|  0%| F|  |TAMS 0x000000008df00000| PB 0x000000008df00000| Untracked |  0
|  64|0x000000008e000000, 0x000000008e000000, 0x000000008e100000|  0%| F|  |TAMS 0x000000008e000000| PB 0x000000008e000000| Untracked |  0
|  65|0x000000008e100000, 0x000000008e100000, 0x000000008e200000|  0%| F|  |TAMS 0x000000008e100000| PB 0x000000008e100000| Untracked |  0
|  66|0x000000008e200000, 0x000000008e200000, 0x000000008e300000|  0%| F|  |TAMS 0x000000008e200000| PB 0x000000008e200000| Untracked |  0
|  67|0x000000008e300000, 0x000000008e300000, 0x000000008e400000|  0%| F|  |TAMS 0x000000008e300000| PB 0x000000008e300000| Untracked |  0
|  68|0x000000008e400000, 0x000000008e400000, 0x000000008e500000|  0%| F|  |TAMS 0x000000008e400000| PB 0x000000008e400000| Untracked |  0
|  69|0x000000008e500000, 0x000000008e500000, 0x000000008e600000|  0%| F|  |TAMS 0x000000008e500000| PB 0x000000008e500000| Untracked |  0
|  70|0x000000008e600000, 0x000000008e600000, 0x000000008e700000|  0%| F|  |TAMS 0x000000008e600000| PB 0x000000008e600000| Untracked |  0
|  71|0x000000008e700000, 0x000000008e700000, 0x000000008e800000|  0%| F|  |TAMS 0x000000008e700000| PB 0x000000008e700000| Untracked |  0
|  72|0x000000008e800000, 0x000000008e800000, 0x000000008e900000|  0%| F|  |TAMS 0x000000008e800000| PB 0x000000008e800000| Untracked |  0
|  73|0x000000008e900000, 0x000000008e900000, 0x000000008ea00000|  0%| F|  |TAMS 0x000000008e900000| PB 0x000000008e900000| Untracked |  0
|  74|0x000000008ea00000, 0x000000008ea00000, 0x000000008eb00000|  0%| F|  |TAMS 0x000000008ea00000| PB 0x000000008ea00000| Untracked |  0
|  75|0x000000008eb00000, 0x000000008eb00000, 0x000000008ec00000|  0%| F|  |TAMS 0x000000008eb00000| PB 0x000000008eb00000| Untracked |  0
|  76|0x000000008ec00000, 0x000000008ec00000, 0x000000008ed00000|  0%| F|  |TAMS 0x000000008ec00000| PB 0x000000008ec00000| Untracked |  0
|  77|0x000000008ed00000, 0x000000008ed00000, 0x000000008ee00000|  0%| F|  |TAMS 0x000000008ed00000| PB 0x000000008ed00000| Untracked |  0
|  78|0x000000008ee00000, 0x000000008ee00000, 0x000000008ef00000|  0%| F|  |TAMS 0x000000008ee00000| PB 0x000000008ee00000| Untracked |  0
|  79|0x000000008ef00000, 0x000000008ef00000, 0x000000008f000000|  0%| F|  |TAMS 0x000000008ef00000| PB 0x000000008ef00000| Untracked |  0
|  80|0x000000008f000000, 0x000000008f000000, 0x000000008f100000|  0%| F|  |TAMS 0x000000008f000000| PB 0x000000008f000000| Untracked |  0
|  81|0x000000008f100000, 0x000000008f100000, 0x000000008f200000|  0%| F|  |TAMS 0x000000008f100000| PB 0x000000008f100000| Untracked |  0
|  82|0x000000008f200000, 0x000000008f200000, 0x000000008f300000|  0%| F|  |TAMS 0x000000008f200000| PB 0x000000008f200000| Untracked |  0
|  83|0x000000008f300000, 0x000000008f300000, 0x000000008f400000|  0%| F|  |TAMS 0x000000008f300000| PB 0x000000008f300000| Untracked |  0
|  84|0x000000008f400000, 0x000000008f400000, 0x000000008f500000|  0%| F|  |TAMS 0x000000008f400000| PB 0x000000008f400000| Untracked |  0
|  85|0x000000008f500000, 0x000000008f500000, 0x000000008f600000|  0%| F|  |TAMS 0x000000008f500000| PB 0x000000008f500000| Untracked |  0
|  86|0x000000008f600000, 0x000000008f600000, 0x000000008f700000|  0%| F|  |TAMS 0x000000008f600000| PB 0x000000008f600000| Untracked |  0
|  87|0x000000008f700000, 0x000000008f700000, 0x000000008f800000|  0%| F|  |TAMS 0x000000008f700000| PB 0x000000008f700000| Untracked |  0
|  88|0x000000008f800000, 0x000000008f800000, 0x000000008f900000|  0%| F|  |TAMS 0x000000008f800000| PB 0x000000008f800000| Untracked |  0
|  89|0x000000008f900000, 0x000000008f900000, 0x000000008fa00000|  0%| F|  |TAMS 0x000000008f900000| PB 0x000000008f900000| Untracked |  0
|  90|0x000000008fa00000, 0x000000008fa00000, 0x000000008fb00000|  0%| F|  |TAMS 0x000000008fa00000| PB 0x000000008fa00000| Untracked |  0
|  91|0x000000008fb00000, 0x000000008fb00000, 0x000000008fc00000|  0%| F|  |TAMS 0x000000008fb00000| PB 0x000000008fb00000| Untracked |  0
|  92|0x000000008fc00000, 0x000000008fc00000, 0x000000008fd00000|  0%| F|  |TAMS 0x000000008fc00000| PB 0x000000008fc00000| Untracked |  0
|  93|0x000000008fd00000, 0x000000008fd00000, 0x000000008fe00000|  0%| F|  |TAMS 0x000000008fd00000| PB 0x000000008fd00000| Untracked |  0
|  94|0x000000008fe00000, 0x000000008fe00000, 0x000000008ff00000|  0%| F|  |TAMS 0x000000008fe00000| PB 0x000000008fe00000| Untracked |  0
|  95|0x000000008ff00000, 0x000000008ff00000, 0x0000000090000000|  0%| F|  |TAMS 0x000000008ff00000| PB 0x000000008ff00000| Untracked |  0
|  96|0x0000000090000000, 0x0000000090000000, 0x0000000090100000|  0%| F|  |TAMS 0x0000000090000000| PB 0x0000000090000000| Untracked |  0
|  97|0x0000000090100000, 0x0000000090100000, 0x0000000090200000|  0%| F|  |TAMS 0x0000000090100000| PB 0x0000000090100000| Untracked |  0
|  98|0x0000000090200000, 0x0000000090200000, 0x0000000090300000|  0%| F|  |TAMS 0x0000000090200000| PB 0x0000000090200000| Untracked |  0
|  99|0x0000000090300000, 0x0000000090300000, 0x0000000090400000|  0%| F|  |TAMS 0x0000000090300000| PB 0x0000000090300000| Untracked |  0
| 100|0x0000000090400000, 0x0000000090400000, 0x0000000090500000|  0%| F|  |TAMS 0x0000000090400000| PB 0x0000000090400000| Untracked |  0
| 101|0x0000000090500000, 0x0000000090500000, 0x0000000090600000|  0%| F|  |TAMS 0x0000000090500000| PB 0x0000000090500000| Untracked |  0
| 102|0x0000000090600000, 0x0000000090600000, 0x0000000090700000|  0%| F|  |TAMS 0x0000000090600000| PB 0x0000000090600000| Untracked |  0
| 103|0x0000000090700000, 0x0000000090700000, 0x0000000090800000|  0%| F|  |TAMS 0x0000000090700000| PB 0x0000000090700000| Untracked |  0
| 104|0x0000000090800000, 0x0000000090800000, 0x0000000090900000|  0%| F|  |TAMS 0x0000000090800000| PB 0x0000000090800000| Untracked |  0
| 105|0x0000000090900000, 0x0000000090900000, 0x0000000090a00000|  0%| F|  |TAMS 0x0000000090900000| PB 0x0000000090900000| Untracked |  0
| 106|0x0000000090a00000, 0x0000000090a00000, 0x0000000090b00000|  0%| F|  |TAMS 0x0000000090a00000| PB 0x0000000090a00000| Untracked |  0
| 107|0x0000000090b00000, 0x0000000090b00000, 0x0000000090c00000|  0%| F|  |TAMS 0x0000000090b00000| PB 0x0000000090b00000| Untracked |  0
| 108|0x0000000090c00000, 0x0000000090c00000, 0x0000000090d00000|  0%| F|  |TAMS 0x0000000090c00000| PB 0x0000000090c00000| Untracked |  0
| 109|0x0000000090d00000, 0x0000000090d00000, 0x0000000090e00000|  0%| F|  |TAMS 0x0000000090d00000| PB 0x0000000090d00000| Untracked |  0
| 110|0x0000000090e00000, 0x0000000090e00000, 0x0000000090f00000|  0%| F|  |TAMS 0x0000000090e00000| PB 0x0000000090e00000| Untracked |  0
| 111|0x0000000090f00000, 0x0000000090f00000, 0x0000000091000000|  0%| F|  |TAMS 0x0000000090f00000| PB 0x0000000090f00000| Untracked |  0
| 112|0x0000000091000000, 0x0000000091000000, 0x0000000091100000|  0%| F|  |TAMS 0x0000000091000000| PB 0x0000000091000000| Untracked |  0
| 113|0x0000000091100000, 0x0000000091100000, 0x0000000091200000|  0%| F|  |TAMS 0x0000000091100000| PB 0x0000000091100000| Untracked |  0
| 114|0x0000000091200000, 0x00000000912f5d18, 0x0000000091300000| 96%| E|  |TAMS 0x0000000091200000| PB 0x0000000091200000| Complete |  0
| 115|0x0000000091300000, 0x0000000091400000, 0x0000000091400000|100%| E|CS|TAMS 0x0000000091300000| PB 0x0000000091300000| Complete |  0
| 116|0x0000000091400000, 0x0000000091500000, 0x0000000091500000|100%| E|CS|TAMS 0x0000000091400000| PB 0x0000000091400000| Complete |  0
| 117|0x0000000091500000, 0x0000000091600000, 0x0000000091600000|100%| E|CS|TAMS 0x0000000091500000| PB 0x0000000091500000| Complete |  0

Card table byte_map: [0x00000152ed250000,0x00000152ed600000] _byte_map_base: 0x00000152ece00000

Marking Bits: (CMBitMap*) 0x00000152d374aea0
 Bits: [0x00000152ed600000, 0x00000152ef380000)

Polling page: 0x00000152d37c0000

Metaspace:

Usage:
  Non-class:      9.55 MB used.
      Class:    973.18 KB used.
       Both:     10.50 MB used.

Virtual space:
  Non-class space:       64.00 MB reserved,       9.62 MB ( 15%) committed,  1 nodes.
      Class space:        1.00 GB reserved,       1.00 MB ( <1%) committed,  1 nodes.
             Both:        1.06 GB reserved,      10.62 MB ( <1%) committed. 

Chunk freelists:
   Non-Class:  6.23 MB
       Class:  15.02 MB
        Both:  21.25 MB

MaxMetaspaceSize: unlimited
CompressedClassSpaceSize: 1.00 GB
Initial GC threshold: 21.00 MB
Current GC threshold: 21.00 MB
CDS: off
 - commit_granule_bytes: 65536.
 - commit_granule_words: 8192.
 - virtual_space_node_default_size: 8388608.
 - enlarge_chunks_in_place: 1.
 - use_allocation_guard: 0.


Internal statistics:

num_allocs_failed_limit: 0.
num_arena_births: 94.
num_arena_deaths: 0.
num_vsnodes_births: 2.
num_vsnodes_deaths: 0.
num_space_committed: 170.
num_space_uncommitted: 0.
num_chunks_returned_to_freelist: 0.
num_chunks_taken_from_freelist: 148.
num_chunk_merges: 0.
num_chunk_splits: 74.
num_chunks_enlarged: 16.
num_inconsistent_stats: 0.

CodeHeap 'non-profiled nmethods': size=120000Kb used=115Kb max_used=115Kb free=119885Kb
 bounds [0x00000152e4ce0000, 0x00000152e4f50000, 0x00000152ec210000]
CodeHeap 'profiled nmethods': size=120000Kb used=501Kb max_used=501Kb free=119498Kb
 bounds [0x00000152dd210000, 0x00000152dd480000, 0x00000152e4740000]
CodeHeap 'non-nmethods': size=5760Kb used=1406Kb max_used=1419Kb free=4353Kb
 bounds [0x00000152e4740000, 0x00000152e49b0000, 0x00000152e4ce0000]
 total_blobs=884 nmethods=382 adapters=407
 compilation: enabled
              stopped_count=0, restarted_count=0
 full_count=0

Compilation events (20 events):
Event: 0.383 Thread 0x000001528406a8f0  373       3       java.lang.Object::equals (11 bytes)
Event: 0.383 Thread 0x000001528406a8f0 nmethod 373 0x00000152dd289490 code [0x00000152dd289620, 0x00000152dd289780]
Event: 0.383 Thread 0x000001528406a8f0  374       3       java.lang.invoke.MemberName::getInvocationType (56 bytes)
Event: 0.383 Thread 0x000001528406a8f0 nmethod 374 0x00000152dd289810 code [0x00000152dd289a40, 0x00000152dd28a250]
Event: 0.383 Thread 0x000001528406a8f0  375       3       jdk.internal.org.objectweb.asm.Label::<init> (5 bytes)
Event: 0.383 Thread 0x000001528406a8f0 nmethod 375 0x00000152dd28a490 code [0x00000152dd28a620, 0x00000152dd28a788]
Event: 0.383 Thread 0x000001528406a8f0  376       3       jdk.internal.misc.Unsafe::allocateUninitializedArray (55 bytes)
Event: 0.383 Thread 0x000001528406a8f0 nmethod 376 0x00000152dd28a890 code [0x00000152dd28aa80, 0x00000152dd28aea8]
Event: 0.384 Thread 0x000001528406a8f0  377       1       java.lang.invoke.MethodHandles$Lookup::previousLookupClass (5 bytes)
Event: 0.384 Thread 0x000001528406a100  378       4       java.util.Objects::requireNonNull (14 bytes)
Event: 0.384 Thread 0x000001528406a8f0 nmethod 377 0x00000152e4cfc610 code [0x00000152e4cfc7a0, 0x00000152e4cfc868]
Event: 0.384 Thread 0x000001528406a8f0  379       3       java.lang.invoke.MethodType::basicType (8 bytes)
Event: 0.384 Thread 0x000001528406a8f0 nmethod 379 0x00000152dd28b010 code [0x00000152dd28b1a0, 0x00000152dd28b2d0]
Event: 0.384 Thread 0x000001528406a8f0  380       3       sun.invoke.util.VerifyAccess::isClassAccessible (230 bytes)
Event: 0.384 Thread 0x000001528406a100 nmethod 378 0x00000152e4cfc910 code [0x00000152e4cfca80, 0x00000152e4cfcb08]
Event: 0.384 Thread 0x000001528406a8f0 nmethod 380 0x00000152dd28b390 code [0x00000152dd28b6a0, 0x00000152dd28c470]
Event: 0.384 Thread 0x000001528406a8f0  381       3       java.lang.invoke.MemberName::getName (25 bytes)
Event: 0.385 Thread 0x000001528406a8f0 nmethod 381 0x00000152dd28c890 code [0x00000152dd28ca60, 0x00000152dd28cdb0]
Event: 0.385 Thread 0x000001528406a8f0  382       3       java.lang.String::replace (42 bytes)
Event: 0.385 Thread 0x000001528406a8f0 nmethod 382 0x00000152dd28ce90 code [0x00000152dd28d060, 0x00000152dd28d370]

GC Heap History (0 events):
No events

Dll operation events (7 events):
Event: 0.007 Loaded shared library C:\Program Files\Java\jdk-22\bin\java.dll
Event: 0.093 Loaded shared library C:\Program Files\Java\jdk-22\bin\jsvml.dll
Event: 0.161 Loaded shared library C:\Program Files\Java\jdk-22\bin\net.dll
Event: 0.163 Loaded shared library C:\Program Files\Java\jdk-22\bin\nio.dll
Event: 0.176 Loaded shared library C:\Program Files\Java\jdk-22\bin\zip.dll
Event: 0.238 Loaded shared library C:\Program Files\Java\jdk-22\bin\jimage.dll
Event: 0.261 Loaded shared library C:\Program Files\Java\jdk-22\bin\awt.dll

Deoptimization events (0 events):
No events

Classes loaded (20 events):
Event: 0.381 Loading class javax/swing/plaf/UIResource
Event: 0.381 Loading class javax/swing/plaf/UIResource done
Event: 0.381 Loading class javax/swing/plaf/ColorUIResource done
Event: 0.381 Loading class sun/swing/PrintColorUIResource
Event: 0.381 Loading class sun/swing/PrintColorUIResource done
Event: 0.381 Loading class javax/swing/plaf/metal/DefaultMetalTheme$FontDelegate
Event: 0.382 Loading class javax/swing/plaf/metal/DefaultMetalTheme$FontDelegate done
Event: 0.382 Loading class javax/swing/plaf/FontUIResource
Event: 0.382 Loading class javax/swing/plaf/FontUIResource done
Event: 0.382 Loading class javax/swing/UIDefaults$LazyValue
Event: 0.382 Loading class javax/swing/UIDefaults$LazyValue done
Event: 0.383 Loading class javax/swing/UIDefaults$ActiveValue
Event: 0.383 Loading class javax/swing/UIDefaults$ActiveValue done
Event: 0.383 Loading class javax/swing/plaf/InsetsUIResource
Event: 0.383 Loading class javax/swing/plaf/InsetsUIResource done
Event: 0.385 Loading class javax/swing/plaf/BorderUIResource$EmptyBorderUIResource
Event: 0.385 Loading class javax/swing/border/EmptyBorder
Event: 0.385 Loading class javax/swing/border/AbstractBorder
Event: 0.385 Loading class javax/swing/border/Border
Event: 0.385 Loading class javax/swing/border/Border done

Classes unloaded (0 events):
No events

Classes redefined (0 events):
No events

Internal exceptions (4 events):
Event: 0.249 Thread 0x00000152d3459960 Exception <a 'java/lang/ClassNotFoundException'{0x00000000914e9558}: sun/awt/resources/spi/awtProvider> (0x00000000914e9558) 
thrown [s\open\src\hotspot\share\classfile\systemDictionary.cpp, line 313]
Event: 0.271 Thread 0x00000152d3459960 Exception <a 'java/io/FileNotFoundException'{0x000000009134eb48}> (0x000000009134eb48) 
thrown [s\open\src\hotspot\share\prims\jni.cpp, line 520]
Event: 0.276 Thread 0x00000152d3459960 Exception <a 'java/io/FileNotFoundException'{0x000000009137cf88}> (0x000000009137cf88) 
thrown [s\open\src\hotspot\share\prims\jni.cpp, line 520]
Event: 0.379 Thread 0x00000152d3459960 Exception <a 'java/lang/NoSuchMethodError'{0x00000000912252b0}: 'void java.lang.invoke.DirectMethodHandle$Holder.invokeSpecial(java.lang.Object, java.lang.Object, java.lang.Object)'> (0x00000000912252b0) 
thrown [s\open\src\hotspot\share\interpreter\linkResolver.cpp, line 774]

ZGC Phase Switch (0 events):
No events

VM Operations (0 events):
No events

Events (14 events):
Event: 0.014 Thread 0x00000152d3459960 Thread added: 0x00000152d3459960
Event: 0.089 Thread 0x0000015284077770 Thread added: 0x0000015284077770
Event: 0.090 Thread 0x0000015284078f50 Thread added: 0x0000015284078f50
Event: 0.092 Thread 0x0000015284064730 Thread added: 0x0000015284064730
Event: 0.092 Thread 0x0000015284064da0 Thread added: 0x0000015284064da0
Event: 0.092 Thread 0x0000015284069420 Thread added: 0x0000015284069420
Event: 0.092 Thread 0x0000015284069a90 Thread added: 0x0000015284069a90
Event: 0.092 Thread 0x000001528406a100 Thread added: 0x000001528406a100
Event: 0.092 Thread 0x000001528406a8f0 Thread added: 0x000001528406a8f0
Event: 0.140 Thread 0x0000015284225000 Thread added: 0x0000015284225000
Event: 0.150 Thread 0x0000015284233310 Thread added: 0x0000015284233310
Event: 0.318 Thread 0x000001528463d950 Thread added: 0x000001528463d950
Event: 0.319 Thread 0x000001528464c3d0 Thread added: 0x000001528464c3d0
Event: 0.321 Thread 0x0000015284653d20 Thread added: 0x0000015284653d20


Dynamic libraries:
0x00007ff7af0a0000 - 0x00007ff7af0b0000 	C:\Program Files\Java\jdk-22\bin\java.exe
0x00007ff8f4990000 - 0x00007ff8f4ba7000 	C:\Windows\SYSTEM32\ntdll.dll
0x00007ff8f2750000 - 0x00007ff8f2814000 	C:\Windows\System32\KERNEL32.DLL
0x00007ff8f1d60000 - 0x00007ff8f210d000 	C:\Windows\System32\KERNELBASE.dll
0x00007ff8f2430000 - 0x00007ff8f2541000 	C:\Windows\System32\ucrtbase.dll
0x00007ff8ebf00000 - 0x00007ff8ebf1b000 	C:\Program Files\Java\jdk-22\bin\VCRUNTIME140.dll
0x00007ff8e3930000 - 0x00007ff8e3947000 	C:\Program Files\Java\jdk-22\bin\jli.dll
0x00007ff8f2a30000 - 0x00007ff8f2ae2000 	C:\Windows\System32\ADVAPI32.dll
0x00007ff8f2b10000 - 0x00007ff8f2bb7000 	C:\Windows\System32\msvcrt.dll
0x00007ff8f3f80000 - 0x00007ff8f4029000 	C:\Windows\System32\sechost.dll
0x00007ff8f2550000 - 0x00007ff8f2578000 	C:\Windows\System32\bcrypt.dll
0x00007ff8f47a0000 - 0x00007ff8f48b4000 	C:\Windows\System32\RPCRT4.dll
0x00007ff8f2bd0000 - 0x00007ff8f2d7e000 	C:\Windows\System32\USER32.dll
0x00007ff8f2580000 - 0x00007ff8f25a6000 	C:\Windows\System32\win32u.dll
0x00007ff8dc750000 - 0x00007ff8dc9e3000 	C:\Windows\WinSxS\amd64_microsoft.windows.common-controls_6595b64144ccf1df_6.0.22621.3672_none_2713b9d173822955\COMCTL32.dll
0x00007ff8f45c0000 - 0x00007ff8f45e9000 	C:\Windows\System32\GDI32.dll
0x00007ff8f25b0000 - 0x00007ff8f26c9000 	C:\Windows\System32\gdi32full.dll
0x00007ff8f1cc0000 - 0x00007ff8f1d5a000 	C:\Windows\System32\msvcp_win.dll
0x00007ff8e9f70000 - 0x00007ff8e9f7a000 	C:\Windows\SYSTEM32\VERSION.dll
0x00007ff8f3d20000 - 0x00007ff8f3d51000 	C:\Windows\System32\IMM32.DLL
0x00007ff8ecf90000 - 0x00007ff8ecf9c000 	C:\Program Files\Java\jdk-22\bin\vcruntime140_1.dll
0x00007ff8e0b90000 - 0x00007ff8e0c1e000 	C:\Program Files\Java\jdk-22\bin\msvcp140.dll
0x00007ff89f430000 - 0x00007ff8a0177000 	C:\Program Files\Java\jdk-22\bin\server\jvm.dll
0x00007ff8f2d80000 - 0x00007ff8f2df1000 	C:\Windows\System32\WS2_32.dll
0x00007ff8f0b20000 - 0x00007ff8f0b6d000 	C:\Windows\SYSTEM32\POWRPROF.dll
0x00007ff8ec4a0000 - 0x00007ff8ec4d4000 	C:\Windows\SYSTEM32\WINMM.dll
0x00007ff8f0af0000 - 0x00007ff8f0b03000 	C:\Windows\SYSTEM32\UMPDC.dll
0x00007ff8f0db0000 - 0x00007ff8f0dc8000 	C:\Windows\SYSTEM32\kernel.appcore.dll
0x00007ff8ebef0000 - 0x00007ff8ebefa000 	C:\Program Files\Java\jdk-22\bin\jimage.dll
0x00007ff8e6de0000 - 0x00007ff8e7012000 	C:\Windows\SYSTEM32\DBGHELP.DLL
0x00007ff8f3980000 - 0x00007ff8f3d08000 	C:\Windows\System32\combase.dll
0x00007ff8f45f0000 - 0x00007ff8f46c7000 	C:\Windows\System32\OLEAUT32.dll
0x00007ff8e6a90000 - 0x00007ff8e6ac2000 	C:\Windows\SYSTEM32\dbgcore.DLL
0x00007ff8f23b0000 - 0x00007ff8f242b000 	C:\Windows\System32\bcryptPrimitives.dll
0x00007ff8ebd10000 - 0x00007ff8ebd2e000 	C:\Program Files\Java\jdk-22\bin\java.dll
0x00007ff8f2e10000 - 0x00007ff8f366f000 	C:\Windows\System32\SHELL32.dll
0x00007ff8f37d0000 - 0x00007ff8f3975000 	C:\Windows\System32\ole32.dll
0x00007ff8efbd0000 - 0x00007ff8f04cc000 	C:\Windows\SYSTEM32\windows.storage.dll
0x00007ff8efa90000 - 0x00007ff8efbcf000 	C:\Windows\SYSTEM32\wintypes.dll
0x00007ff8f4030000 - 0x00007ff8f4124000 	C:\Windows\System32\SHCORE.dll
0x00007ff8f4740000 - 0x00007ff8f479e000 	C:\Windows\System32\shlwapi.dll
0x00007ff8f1bf0000 - 0x00007ff8f1c11000 	C:\Windows\SYSTEM32\profapi.dll
0x00007ff8b91e0000 - 0x00007ff8b92b7000 	C:\Program Files\Java\jdk-22\bin\jsvml.dll
0x00007ff8ebb60000 - 0x00007ff8ebb70000 	C:\Program Files\Java\jdk-22\bin\net.dll
0x00007ff8f1230000 - 0x00007ff8f1299000 	C:\Windows\system32\mswsock.dll
0x00007ff8e9fe0000 - 0x00007ff8e9ff6000 	C:\Program Files\Java\jdk-22\bin\nio.dll
0x00007ff8e8e40000 - 0x00007ff8e8e57000 	C:\Program Files\Java\jdk-22\bin\zip.dll
0x00007ff8b48a0000 - 0x00007ff8b4a2e000 	C:\Program Files\Java\jdk-22\bin\awt.dll
0x00007ff8ebc50000 - 0x00007ff8ebce7000 	C:\Windows\SYSTEM32\apphelp.dll
0x00007ff8ef420000 - 0x00007ff8ef44b000 	C:\Windows\system32\DWMAPI.DLL
0x00007ff8ef170000 - 0x00007ff8ef21f000 	C:\Windows\system32\uxtheme.dll
0x00007ff8b4b10000 - 0x00007ff8b4c10000 	C:\Windows\system32\opengl32.dll
0x00007ff8e5b10000 - 0x00007ff8e5b3d000 	C:\Windows\SYSTEM32\GLU32.dll
0x00007ff8ef2d0000 - 0x00007ff8ef309000 	C:\Windows\SYSTEM32\dxcore.dll
0x00007ff8f2820000 - 0x00007ff8f2973000 	C:\Windows\System32\MSCTF.dll
0x00007ff8c9560000 - 0x00007ff8c9708000 	C:\Windows\system32\d3d9.dll
0x00007ff8e5eb0000 - 0x00007ff8e608b000 	C:\Windows\System32\DriverStore\FileRepository\u0361612.inf_amd64_b679e02f70413f9f\B361368\aticfx64.dll
0x00007ff8b4ee0000 - 0x00007ff8b4f13000 	C:\Windows\System32\DriverStore\FileRepository\u0361612.inf_amd64_b679e02f70413f9f\B361368\atiu9p64.dll
0x00007ff8b3bb0000 - 0x00007ff8b4846000 	C:\Windows\System32\DriverStore\FileRepository\u0361612.inf_amd64_b679e02f70413f9f\B361368\atiumd64.dll
0x00000000002b0000 - 0x000000000112e000 	C:\Windows\System32\DriverStore\FileRepository\u0361612.inf_amd64_b679e02f70413f9f\B361368\atiumd6a.dll
0x00007ff8e38d0000 - 0x00007ff8e38ff000 	C:\Windows\SYSTEM32\amdihk64.dll
0x00007ff8e9b80000 - 0x00007ff8e9bc9000 	C:\Windows\SYSTEM32\directxdatabasehelper.dll

dbghelp: loaded successfully - version: 4.0.5 - missing functions: none
symbol engine: initialized successfully - sym options: 0x614 - pdb path: .;C:\Program Files\Java\jdk-22\bin;C:\Windows\SYSTEM32;C:\Windows\WinSxS\amd64_microsoft.windows.common-controls_6595b64144ccf1df_6.0.22621.3672_none_2713b9d173822955;C:\Program Files\Java\jdk-22\bin\server;C:\Windows\System32\DriverStore\FileRepository\u0361612.inf_amd64_b679e02f70413f9f\B361368

VM Arguments:
jvm_args: -Dfile.encoding=UTF-8 
java_command: travel.management.system.Login
java_class_path (initial): C:\Users\LENOVO\Downloads\mysql-connector-j-9.0.0\mysql-connector-j-9.0.0\mysql-connector-j-9.0.0.jar;C:\Users\LENOVO\Desktop\Travel-and-Toursim-Management\Travel-and-Toursim-Management-System-master\Travel Management System\build\classes
Launcher Type: SUN_STANDARD

[Global flags]
     intx CICompilerCount                          = 4                                         {product} {ergonomic}
     uint ConcGCThreads                            = 3                                         {product} {ergonomic}
     uint G1ConcRefinementThreads                  = 10                                        {product} {ergonomic}
   size_t G1HeapRegionSize                         = 1048576                                   {product} {ergonomic}
   size_t InitialHeapSize                          = 123731968                                 {product} {ergonomic}
   size_t MarkStackSize                            = 4194304                                   {product} {ergonomic}
   size_t MaxHeapSize                              = 1979711488                                {product} {ergonomic}
   size_t MaxNewSize                               = 1186988032                                {product} {ergonomic}
   size_t MinHeapDeltaBytes                        = 1048576                                   {product} {ergonomic}
   size_t MinHeapSize                              = 8388608                                   {product} {ergonomic}
    uintx NonNMethodCodeHeapSize                   = 5839372                                {pd product} {ergonomic}
    uintx NonProfiledCodeHeapSize                  = 122909434                              {pd product} {ergonomic}
    uintx ProfiledCodeHeapSize                     = 122909434                              {pd product} {ergonomic}
    uintx ReservedCodeCacheSize                    = 251658240                              {pd product} {ergonomic}
     bool SegmentedCodeCache                       = true                                      {product} {ergonomic}
   size_t SoftMaxHeapSize                          = 1979711488                             {manageable} {ergonomic}
     bool UseCompressedOops                        = true                           {product lp64_product} {ergonomic}
     bool UseG1GC                                  = true                                      {product} {ergonomic}
     bool UseLargePagesIndividualAllocation        = false                                  {pd product} {ergonomic}

Logging:
Log output configuration:
 #0: stdout all=warning uptime,level,tags foldmultilines=false
 #1: stderr all=off uptime,level,tags foldmultilines=false

Environment Variables:
JAVA_HOME=C:\Program Files\Java\jdk-22
PATH=C:\Program Files\Common Files\Oracle\Java\javapath;C:\Windows\system32;C:\Windows;C:\Windows\System32\Wbem;C:\Windows\System32\WindowsPowerShell\v1.0\;C:\Windows\System32\OpenSSH\;C:\Program Files\Microsoft SQL Server\150\Tools\Binn\;C:\Program Files\Microsoft SQL Server\Client SDK\ODBC\170\Tools\Binn\;C:\Program Files\dotnet\;C:\Program Files (x86)\Microsoft SQL Server\160\Tools\Binn\;C:\Program Files\Microsoft SQL Server\160\Tools\Binn\;C:\Program Files\Microsoft SQL Server\160\DTS\Binn\;C:\Program Files (x86)\Microsoft SQL Server\160\DTS\Binn\;C:\Program Files\nodejs\;C:\Program Files\Git\cmd;C:\Program Files\Java\jdk-22\bin;C:\Users\LENOVO\AppData\Local\Microsoft\WindowsApps;C:\Users\LENOVO\AppData\Local\Programs\Microsoft VS Code\bin;C:\Users\LENOVO\.dotnet\tools;C:\Users\LENOVO\AppData\Roaming\npm;C:\Program Files\MongoDB\Server\7.0\data\;C:\Program Files\MongoDB\Server\7.0\bin;
USERNAME=LENOVO
OS=Windows_NT
PROCESSOR_IDENTIFIER=AMD64 Family 23 Model 96 Stepping 1, AuthenticAMD
TMP=C:\Users\LENOVO\AppData\Local\Temp
TEMP=C:\Users\LENOVO\AppData\Local\Temp




Periodic native trim disabled

---------------  S Y S T E M  ---------------

OS:
 Windows 11 , 64 bit Build 22621 (10.0.22621.3672)
OS uptime: 3 days 0:12 hours
Hyper-V role detected

CPU: total 12 (initial active 12) (12 cores per cpu, 2 threads per core) family 23 model 96 stepping 1 microcode 0x0, cx8, cmov, fxsr, ht, mmx, 3dnowpref, sse, sse2, sse3, ssse3, sse4a, sse4.1, sse4.2, popcnt, lzcnt, tsc, tscinvbit, avx, avx2, aes, clmul, bmi1, bmi2, adx, sha, fma, vzeroupper, clflush, clflushopt, hv, rdtscp, rdpid, f16c
Processor Information for all 12 processors :
  Max Mhz: 3000, Current Mhz: 3000, Mhz Limit: 3000

Memory: 4k page, system-wide physical 7549M (893M free)
TotalPageFile size 31101M (AvailPageFile size 4M)
current process WorkingSet (physical memory assigned to process): 48M, peak: 48M
current process commit charge ("private bytes"): 215M, peak: 215M

vm_info: Java HotSpot(TM) 64-Bit Server VM (22.0.1+8-16) for windows-amd64 JRE (22.0.1+8-16), built on 2024-03-12T10:33:16Z by "mach5one" with MS VC++ 17.6 (VS2022)

END.
