#
# There is insufficient memory for the Java Runtime Environment to continue.
# Native memory allocation (malloc) failed to allocate 32744 bytes. Error detail: Chunk::new
# Possible reasons:
#   The system is out of physical RAM or swap space
#   This process is running with CompressedOops enabled, and the Java Heap may be blocking the growth of the native heap
# Possible solutions:
#   Reduce memory load on the system
#   Increase physical memory or swap space
#   Check if swap backing store is full
#   Decrease Java heap size (-Xmx/-Xms)
#   Decrease number of Java threads
#   Decrease Java thread stack sizes (-Xss)
#   Set larger code cache with -XX:ReservedCodeCacheSize=
#   JVM is running with Unscaled Compressed Oops mode in which the Java heap is
#     placed in the first 4GB address space. The Java Heap base address is the
#     maximum limit for the native heap growth. Please use -XX:HeapBaseMinAddress
#     to set the Java Heap base and to place the Java Heap above 4GB virtual address.
# This output file may be truncated or incomplete.
#
#  Out of Memory Error (arena.cpp:150), pid=6272, tid=7940
#
# JRE version: Java(TM) SE Runtime Environment (22.0.1+8) (build 22.0.1+8-16)
# Java VM: Java HotSpot(TM) 64-Bit Server VM (22.0.1+8-16, mixed mode, tiered, compressed oops, compressed class ptrs, g1 gc, windows-amd64)
# No core dump will be written. Minidumps are not enabled by default on client versions of Windows
#

---------------  S U M M A R Y ------------

Command Line: -Dfile.encoding=UTF-8 travel.management.system.Login

Host: AMD Ryzen 5 4600H with Radeon Graphics         , 12 cores, 7G,  Windows 11 , 64 bit Build 22621 (10.0.22621.3672)
Time: Sat Jul 13 16:29:26 2024 India Standard Time elapsed time: 0.131442 seconds (0d 0h 0m 0s)

---------------  T H R E A D  ---------------

Current thread (0x000002540422b050):  JavaThread "C1 CompilerThread0" daemon [_thread_in_native, id=7940, stack(0x000000778b600000,0x000000778b700000) (1024K)]


Current CompileTask:
C1:131  156 %     3       java.util.Properties$LineReader::readLine @ 224 (584 bytes)

Stack: [0x000000778b600000,0x000000778b700000]
Native frames: (J=compiled Java code, j=interpreted, Vv=VM code, C=native code)
V  [jvm.dll+0x6e2279]  (no source info available)
V  [jvm.dll+0x874e33]  (no source info available)
V  [jvm.dll+0x87725e]  (no source info available)
V  [jvm.dll+0x877933]  (no source info available)
V  [jvm.dll+0x27fd76]  (no source info available)
V  [jvm.dll+0xc3d0f]  (no source info available)
V  [jvm.dll+0xc3f6b]  (no source info available)
V  [jvm.dll+0x199571]  (no source info available)
V  [jvm.dll+0x19c2b5]  (no source info available)
V  [jvm.dll+0x19c877]  (no source info available)
V  [jvm.dll+0x1952a1]  (no source info available)
V  [jvm.dll+0x194776]  (no source info available)
V  [jvm.dll+0x19d42b]  (no source info available)
V  [jvm.dll+0x195a27]  (no source info available)
V  [jvm.dll+0x198732]  (no source info available)
V  [jvm.dll+0x153e45]  (no source info available)
V  [jvm.dll+0x1535c3]  (no source info available)
V  [jvm.dll+0x1538a0]  (no source info available)
V  [jvm.dll+0x152c1d]  (no source info available)
V  [jvm.dll+0x154add]  (no source info available)
V  [jvm.dll+0x2569fe]  (no source info available)
V  [jvm.dll+0x254cba]  (no source info available)
V  [jvm.dll+0x3f5336]  (no source info available)
V  [jvm.dll+0x81d44b]  (no source info available)
V  [jvm.dll+0x6e0915]  (no source info available)
C  [ucrtbase.dll+0x29333]  (no source info available)
C  [KERNEL32.DLL+0x1257d]  (no source info available)
C  [ntdll.dll+0x5af28]  (no source info available)


---------------  P R O C E S S  ---------------

Threads class SMR info:
_java_thread_list=0x00000254044d3580, length=11, elements={
0x000002540419d880, 0x000002540419e440, 0x00000254042267f0, 0x00000254042124f0,
0x0000025404212f50, 0x00000254042139b0, 0x0000025404227580, 0x000002540422b050,
0x00000254043c1850, 0x00000254043ce710, 0x00000254655fd060
}

Java Threads: ( => current thread )
  0x000002540419d880 JavaThread "Reference Handler"          daemon [_thread_blocked, id=6984, stack(0x000000778af00000,0x000000778b000000) (1024K)]
  0x000002540419e440 JavaThread "Finalizer"                  daemon [_thread_blocked, id=17144, stack(0x000000778b000000,0x000000778b100000) (1024K)]
  0x00000254042267f0 JavaThread "Signal Dispatcher"          daemon [_thread_blocked, id=17320, stack(0x000000778b100000,0x000000778b200000) (1024K)]
  0x00000254042124f0 JavaThread "Attach Listener"            daemon [_thread_blocked, id=18572, stack(0x000000778b200000,0x000000778b300000) (1024K)]
  0x0000025404212f50 JavaThread "Service Thread"             daemon [_thread_blocked, id=10736, stack(0x000000778b300000,0x000000778b400000) (1024K)]
  0x00000254042139b0 JavaThread "Monitor Deflation Thread"   daemon [_thread_blocked, id=12108, stack(0x000000778b400000,0x000000778b500000) (1024K)]
  0x0000025404227580 JavaThread "C2 CompilerThread0"         daemon [_thread_blocked, id=16784, stack(0x000000778b500000,0x000000778b600000) (1024K)]
=>0x000002540422b050 JavaThread "C1 CompilerThread0"         daemon [_thread_in_native, id=7940, stack(0x000000778b600000,0x000000778b700000) (1024K)]
  0x00000254043c1850 JavaThread "Notification Thread"        daemon [_thread_blocked, id=13988, stack(0x000000778b700000,0x000000778b800000) (1024K)]
  0x00000254043ce710 JavaThread "Common-Cleaner"             daemon [_thread_blocked, id=21968, stack(0x000000778b800000,0x000000778b900000) (1024K)]
  0x00000254655fd060 JavaThread "DestroyJavaVM"                     [_thread_blocked, id=22356, stack(0x000000778a700000,0x000000778a800000) (1024K)]
Total: 11

Other Threads:
  0x00000254041b8170 VMThread "VM Thread"                           [id=17776, stack(0x000000778ae00000,0x000000778af00000) (1024K)]
  0x0000025404115990 WatcherThread "VM Periodic Task Thread"        [id=3672, stack(0x000000778ad00000,0x000000778ae00000) (1024K)]
  0x000002546778aa20 WorkerThread "GC Thread#0"                     [id=4952, stack(0x000000778a800000,0x000000778a900000) (1024K)]
  0x000002546779c140 ConcurrentGCThread "G1 Main Marker"            [id=18292, stack(0x000000778a900000,0x000000778aa00000) (1024K)]
  0x000002546779cd10 WorkerThread "G1 Conc#0"                       [id=17972, stack(0x000000778aa00000,0x000000778ab00000) (1024K)]
  0x00000254677fe8a0 ConcurrentGCThread "G1 Refine#0"               [id=13212, stack(0x000000778ab00000,0x000000778ac00000) (1024K)]
  0x0000025403fe5580 ConcurrentGCThread "G1 Service"                [id=3384, stack(0x000000778ac00000,0x000000778ad00000) (1024K)]
Total: 7

Threads with active compile tasks:
C1 CompilerThread0  163  156 %     3       java.util.Properties$LineReader::readLine @ 224 (584 bytes)
Total: 1

VM state: not at safepoint (normal execution)

VM Mutex/Monitor currently owned by a thread: None

Heap address: 0x000000008a000000, size: 1888 MB, Compressed Oops mode: 32-bit

CDS archive(s) not mapped
Compressed class space mapped at: 0x000000002c000000-0x000000006c000000, reserved size: 1073741824
Narrow klass base: 0x0000000000000000, Narrow klass shift: 0, Narrow klass range: 0x6c000000

GC Precious Log:
 CardTable entry size: 512
 Card Set container configuration: InlinePtr #cards 5 size 8 Array Of Cards #cards 12 size 40 Howl #buckets 4 coarsen threshold 1843 Howl Bitmap #cards 512 size 80 coarsen threshold 460 Card regions per heap region 1 cards per card region 2048
 CPUs: 12 total, 12 available
 Memory: 7549M
 Large Page Support: Disabled
 NUMA Support: Disabled
 Compressed Oops: Enabled (32-bit)
 Heap Region Size: 1M
 Heap Min Capacity: 8M
 Heap Initial Capacity: 118M
 Heap Max Capacity: 1888M
 Pre-touch: Disabled
 Parallel Workers: 10
 Concurrent Workers: 3
 Concurrent Refinement Workers: 10
 Periodic GC: Disabled

Heap:
 garbage-first heap   total reserved 1933312K, committed 120832K, used 2048K [0x000000008a000000, 0x0000000100000000)
  region size 1024K, 3 young (3072K), 0 survivors (0K)
 Metaspace       used 7619K, committed 7808K, reserved 1114112K
  class space    used 656K, committed 768K, reserved 1048576K

Heap Regions: E=young(eden), S=young(survivor), O=old, HS=humongous(starts), HC=humongous(continues), CS=collection set, F=free, TAMS=top-at-mark-start, PB=parsable bottom
|   0|0x000000008a000000, 0x000000008a000000, 0x000000008a100000|  0%| F|  |TAMS 0x000000008a000000| PB 0x000000008a000000| Untracked |  0
|   1|0x000000008a100000, 0x000000008a100000, 0x000000008a200000|  0%| F|  |TAMS 0x000000008a100000| PB 0x000000008a100000| Untracked |  0
|   2|0x000000008a200000, 0x000000008a200000, 0x000000008a300000|  0%| F|  |TAMS 0x000000008a200000| PB 0x000000008a200000| Untracked |  0
|   3|0x000000008a300000, 0x000000008a300000, 0x000000008a400000|  0%| F|  |TAMS 0x000000008a300000| PB 0x000000008a300000| Untracked |  0
|   4|0x000000008a400000, 0x000000008a400000, 0x000000008a500000|  0%| F|  |TAMS 0x000000008a400000| PB 0x000000008a400000| Untracked |  0
|   5|0x000000008a500000, 0x000000008a500000, 0x000000008a600000|  0%| F|  |TAMS 0x000000008a500000| PB 0x000000008a500000| Untracked |  0
|   6|0x000000008a600000, 0x000000008a600000, 0x000000008a700000|  0%| F|  |TAMS 0x000000008a600000| PB 0x000000008a600000| Untracked |  0
|   7|0x000000008a700000, 0x000000008a700000, 0x000000008a800000|  0%| F|  |TAMS 0x000000008a700000| PB 0x000000008a700000| Untracked |  0
|   8|0x000000008a800000, 0x000000008a800000, 0x000000008a900000|  0%| F|  |TAMS 0x000000008a800000| PB 0x000000008a800000| Untracked |  0
|   9|0x000000008a900000, 0x000000008a900000, 0x000000008aa00000|  0%| F|  |TAMS 0x000000008a900000| PB 0x000000008a900000| Untracked |  0
|  10|0x000000008aa00000, 0x000000008aa00000, 0x000000008ab00000|  0%| F|  |TAMS 0x000000008aa00000| PB 0x000000008aa00000| Untracked |  0
|  11|0x000000008ab00000, 0x000000008ab00000, 0x000000008ac00000|  0%| F|  |TAMS 0x000000008ab00000| PB 0x000000008ab00000| Untracked |  0
|  12|0x000000008ac00000, 0x000000008ac00000, 0x000000008ad00000|  0%| F|  |TAMS 0x000000008ac00000| PB 0x000000008ac00000| Untracked |  0
|  13|0x000000008ad00000, 0x000000008ad00000, 0x000000008ae00000|  0%| F|  |TAMS 0x000000008ad00000| PB 0x000000008ad00000| Untracked |  0
|  14|0x000000008ae00000, 0x000000008ae00000, 0x000000008af00000|  0%| F|  |TAMS 0x000000008ae00000| PB 0x000000008ae00000| Untracked |  0
|  15|0x000000008af00000, 0x000000008af00000, 0x000000008b000000|  0%| F|  |TAMS 0x000000008af00000| PB 0x000000008af00000| Untracked |  0
|  16|0x000000008b000000, 0x000000008b000000, 0x000000008b100000|  0%| F|  |TAMS 0x000000008b000000| PB 0x000000008b000000| Untracked |  0
|  17|0x000000008b100000, 0x000000008b100000, 0x000000008b200000|  0%| F|  |TAMS 0x000000008b100000| PB 0x000000008b100000| Untracked |  0
|  18|0x000000008b200000, 0x000000008b200000, 0x000000008b300000|  0%| F|  |TAMS 0x000000008b200000| PB 0x000000008b200000| Untracked |  0
|  19|0x000000008b300000, 0x000000008b300000, 0x000000008b400000|  0%| F|  |TAMS 0x000000008b300000| PB 0x000000008b300000| Untracked |  0
|  20|0x000000008b400000, 0x000000008b400000, 0x000000008b500000|  0%| F|  |TAMS 0x000000008b400000| PB 0x000000008b400000| Untracked |  0
|  21|0x000000008b500000, 0x000000008b500000, 0x000000008b600000|  0%| F|  |TAMS 0x000000008b500000| PB 0x000000008b500000| Untracked |  0
|  22|0x000000008b600000, 0x000000008b600000, 0x000000008b700000|  0%| F|  |TAMS 0x000000008b600000| PB 0x000000008b600000| Untracked |  0
|  23|0x000000008b700000, 0x000000008b700000, 0x000000008b800000|  0%| F|  |TAMS 0x000000008b700000| PB 0x000000008b700000| Untracked |  0
|  24|0x000000008b800000, 0x000000008b800000, 0x000000008b900000|  0%| F|  |TAMS 0x000000008b800000| PB 0x000000008b800000| Untracked |  0
|  25|0x000000008b900000, 0x000000008b900000, 0x000000008ba00000|  0%| F|  |TAMS 0x000000008b900000| PB 0x000000008b900000| Untracked |  0
|  26|0x000000008ba00000, 0x000000008ba00000, 0x000000008bb00000|  0%| F|  |TAMS 0x000000008ba00000| PB 0x000000008ba00000| Untracked |  0
|  27|0x000000008bb00000, 0x000000008bb00000, 0x000000008bc00000|  0%| F|  |TAMS 0x000000008bb00000| PB 0x000000008bb00000| Untracked |  0
|  28|0x000000008bc00000, 0x000000008bc00000, 0x000000008bd00000|  0%| F|  |TAMS 0x000000008bc00000| PB 0x000000008bc00000| Untracked |  0
|  29|0x000000008bd00000, 0x000000008bd00000, 0x000000008be00000|  0%| F|  |TAMS 0x000000008bd00000| PB 0x000000008bd00000| Untracked |  0
|  30|0x000000008be00000, 0x000000008be00000, 0x000000008bf00000|  0%| F|  |TAMS 0x000000008be00000| PB 0x000000008be00000| Untracked |  0
|  31|0x000000008bf00000, 0x000000008bf00000, 0x000000008c000000|  0%| F|  |TAMS 0x000000008bf00000| PB 0x000000008bf00000| Untracked |  0
|  32|0x000000008c000000, 0x000000008c000000, 0x000000008c100000|  0%| F|  |TAMS 0x000000008c000000| PB 0x000000008c000000| Untracked |  0
|  33|0x000000008c100000, 0x000000008c100000, 0x000000008c200000|  0%| F|  |TAMS 0x000000008c100000| PB 0x000000008c100000| Untracked |  0
|  34|0x000000008c200000, 0x000000008c200000, 0x000000008c300000|  0%| F|  |TAMS 0x000000008c200000| PB 0x000000008c200000| Untracked |  0
|  35|0x000000008c300000, 0x000000008c300000, 0x000000008c400000|  0%| F|  |TAMS 0x000000008c300000| PB 0x000000008c300000| Untracked |  0
|  36|0x000000008c400000, 0x000000008c400000, 0x000000008c500000|  0%| F|  |TAMS 0x000000008c400000| PB 0x000000008c400000| Untracked |  0
|  37|0x000000008c500000, 0x000000008c500000, 0x000000008c600000|  0%| F|  |TAMS 0x000000008c500000| PB 0x000000008c500000| Untracked |  0
|  38|0x000000008c600000, 0x000000008c600000, 0x000000008c700000|  0%| F|  |TAMS 0x000000008c600000| PB 0x000000008c600000| Untracked |  0
|  39|0x000000008c700000, 0x000000008c700000, 0x000000008c800000|  0%| F|  |TAMS 0x000000008c700000| PB 0x000000008c700000| Untracked |  0
|  40|0x000000008c800000, 0x000000008c800000, 0x000000008c900000|  0%| F|  |TAMS 0x000000008c800000| PB 0x000000008c800000| Untracked |  0
|  41|0x000000008c900000, 0x000000008c900000, 0x000000008ca00000|  0%| F|  |TAMS 0x000000008c900000| PB 0x000000008c900000| Untracked |  0
|  42|0x000000008ca00000, 0x000000008ca00000, 0x000000008cb00000|  0%| F|  |TAMS 0x000000008ca00000| PB 0x000000008ca00000| Untracked |  0
|  43|0x000000008cb00000, 0x000000008cb00000, 0x000000008cc00000|  0%| F|  |TAMS 0x000000008cb00000| PB 0x000000008cb00000| Untracked |  0
|  44|0x000000008cc00000, 0x000000008cc00000, 0x000000008cd00000|  0%| F|  |TAMS 0x000000008cc00000| PB 0x000000008cc00000| Untracked |  0
|  45|0x000000008cd00000, 0x000000008cd00000, 0x000000008ce00000|  0%| F|  |TAMS 0x000000008cd00000| PB 0x000000008cd00000| Untracked |  0
|  46|0x000000008ce00000, 0x000000008ce00000, 0x000000008cf00000|  0%| F|  |TAMS 0x000000008ce00000| PB 0x000000008ce00000| Untracked |  0
|  47|0x000000008cf00000, 0x000000008cf00000, 0x000000008d000000|  0%| F|  |TAMS 0x000000008cf00000| PB 0x000000008cf00000| Untracked |  0
|  48|0x000000008d000000, 0x000000008d000000, 0x000000008d100000|  0%| F|  |TAMS 0x000000008d000000| PB 0x000000008d000000| Untracked |  0
|  49|0x000000008d100000, 0x000000008d100000, 0x000000008d200000|  0%| F|  |TAMS 0x000000008d100000| PB 0x000000008d100000| Untracked |  0
|  50|0x000000008d200000, 0x000000008d200000, 0x000000008d300000|  0%| F|  |TAMS 0x000000008d200000| PB 0x000000008d200000| Untracked |  0
|  51|0x000000008d300000, 0x000000008d300000, 0x000000008d400000|  0%| F|  |TAMS 0x000000008d300000| PB 0x000000008d300000| Untracked |  0
|  52|0x000000008d400000, 0x000000008d400000, 0x000000008d500000|  0%| F|  |TAMS 0x000000008d400000| PB 0x000000008d400000| Untracked |  0
|  53|0x000000008d500000, 0x000000008d500000, 0x000000008d600000|  0%| F|  |TAMS 0x000000008d500000| PB 0x000000008d500000| Untracked |  0
|  54|0x000000008d600000, 0x000000008d600000, 0x000000008d700000|  0%| F|  |TAMS 0x000000008d600000| PB 0x000000008d600000| Untracked |  0
|  55|0x000000008d700000, 0x000000008d700000, 0x000000008d800000|  0%| F|  |TAMS 0x000000008d700000| PB 0x000000008d700000| Untracked |  0
|  56|0x000000008d800000, 0x000000008d800000, 0x000000008d900000|  0%| F|  |TAMS 0x000000008d800000| PB 0x000000008d800000| Untracked |  0
|  57|0x000000008d900000, 0x000000008d900000, 0x000000008da00000|  0%| F|  |TAMS 0x000000008d900000| PB 0x000000008d900000| Untracked |  0
|  58|0x000000008da00000, 0x000000008da00000, 0x000000008db00000|  0%| F|  |TAMS 0x000000008da00000| PB 0x000000008da00000| Untracked |  0
|  59|0x000000008db00000, 0x000000008db00000, 0x000000008dc00000|  0%| F|  |TAMS 0x000000008db00000| PB 0x000000008db00000| Untracked |  0
|  60|0x000000008dc00000, 0x000000008dc00000, 0x000000008dd00000|  0%| F|  |TAMS 0x000000008dc00000| PB 0x000000008dc00000| Untracked |  0
|  61|0x000000008dd00000, 0x000000008dd00000, 0x000000008de00000|  0%| F|  |TAMS 0x000000008dd00000| PB 0x000000008dd00000| Untracked |  0
|  62|0x000000008de00000, 0x000000008de00000, 0x000000008df00000|  0%| F|  |TAMS 0x000000008de00000| PB 0x000000008de00000| Untracked |  0
|  63|0x000000008df00000, 0x000000008df00000, 0x000000008e000000|  0%| F|  |TAMS 0x000000008df00000| PB 0x000000008df00000| Untracked |  0
|  64|0x000000008e000000, 0x000000008e000000, 0x000000008e100000|  0%| F|  |TAMS 0x000000008e000000| PB 0x000000008e000000| Untracked |  0
|  65|0x000000008e100000, 0x000000008e100000, 0x000000008e200000|  0%| F|  |TAMS 0x000000008e100000| PB 0x000000008e100000| Untracked |  0
|  66|0x000000008e200000, 0x000000008e200000, 0x000000008e300000|  0%| F|  |TAMS 0x000000008e200000| PB 0x000000008e200000| Untracked |  0
|  67|0x000000008e300000, 0x000000008e300000, 0x000000008e400000|  0%| F|  |TAMS 0x000000008e300000| PB 0x000000008e300000| Untracked |  0
|  68|0x000000008e400000, 0x000000008e400000, 0x000000008e500000|  0%| F|  |TAMS 0x000000008e400000| PB 0x000000008e400000| Untracked |  0
|  69|0x000000008e500000, 0x000000008e500000, 0x000000008e600000|  0%| F|  |TAMS 0x000000008e500000| PB 0x000000008e500000| Untracked |  0
|  70|0x000000008e600000, 0x000000008e600000, 0x000000008e700000|  0%| F|  |TAMS 0x000000008e600000| PB 0x000000008e600000| Untracked |  0
|  71|0x000000008e700000, 0x000000008e700000, 0x000000008e800000|  0%| F|  |TAMS 0x000000008e700000| PB 0x000000008e700000| Untracked |  0
|  72|0x000000008e800000, 0x000000008e800000, 0x000000008e900000|  0%| F|  |TAMS 0x000000008e800000| PB 0x000000008e800000| Untracked |  0
|  73|0x000000008e900000, 0x000000008e900000, 0x000000008ea00000|  0%| F|  |TAMS 0x000000008e900000| PB 0x000000008e900000| Untracked |  0
|  74|0x000000008ea00000, 0x000000008ea00000, 0x000000008eb00000|  0%| F|  |TAMS 0x000000008ea00000| PB 0x000000008ea00000| Untracked |  0
|  75|0x000000008eb00000, 0x000000008eb00000, 0x000000008ec00000|  0%| F|  |TAMS 0x000000008eb00000| PB 0x000000008eb00000| Untracked |  0
|  76|0x000000008ec00000, 0x000000008ec00000, 0x000000008ed00000|  0%| F|  |TAMS 0x000000008ec00000| PB 0x000000008ec00000| Untracked |  0
|  77|0x000000008ed00000, 0x000000008ed00000, 0x000000008ee00000|  0%| F|  |TAMS 0x000000008ed00000| PB 0x000000008ed00000| Untracked |  0
|  78|0x000000008ee00000, 0x000000008ee00000, 0x000000008ef00000|  0%| F|  |TAMS 0x000000008ee00000| PB 0x000000008ee00000| Untracked |  0
|  79|0x000000008ef00000, 0x000000008ef00000, 0x000000008f000000|  0%| F|  |TAMS 0x000000008ef00000| PB 0x000000008ef00000| Untracked |  0
|  80|0x000000008f000000, 0x000000008f000000, 0x000000008f100000|  0%| F|  |TAMS 0x000000008f000000| PB 0x000000008f000000| Untracked |  0
|  81|0x000000008f100000, 0x000000008f100000, 0x000000008f200000|  0%| F|  |TAMS 0x000000008f100000| PB 0x000000008f100000| Untracked |  0
|  82|0x000000008f200000, 0x000000008f200000, 0x000000008f300000|  0%| F|  |TAMS 0x000000008f200000| PB 0x000000008f200000| Untracked |  0
|  83|0x000000008f300000, 0x000000008f300000, 0x000000008f400000|  0%| F|  |TAMS 0x000000008f300000| PB 0x000000008f300000| Untracked |  0
|  84|0x000000008f400000, 0x000000008f400000, 0x000000008f500000|  0%| F|  |TAMS 0x000000008f400000| PB 0x000000008f400000| Untracked |  0
|  85|0x000000008f500000, 0x000000008f500000, 0x000000008f600000|  0%| F|  |TAMS 0x000000008f500000| PB 0x000000008f500000| Untracked |  0
|  86|0x000000008f600000, 0x000000008f600000, 0x000000008f700000|  0%| F|  |TAMS 0x000000008f600000| PB 0x000000008f600000| Untracked |  0
|  87|0x000000008f700000, 0x000000008f700000, 0x000000008f800000|  0%| F|  |TAMS 0x000000008f700000| PB 0x000000008f700000| Untracked |  0
|  88|0x000000008f800000, 0x000000008f800000, 0x000000008f900000|  0%| F|  |TAMS 0x000000008f800000| PB 0x000000008f800000| Untracked |  0
|  89|0x000000008f900000, 0x000000008f900000, 0x000000008fa00000|  0%| F|  |TAMS 0x000000008f900000| PB 0x000000008f900000| Untracked |  0
|  90|0x000000008fa00000, 0x000000008fa00000, 0x000000008fb00000|  0%| F|  |TAMS 0x000000008fa00000| PB 0x000000008fa00000| Untracked |  0
|  91|0x000000008fb00000, 0x000000008fb00000, 0x000000008fc00000|  0%| F|  |TAMS 0x000000008fb00000| PB 0x000000008fb00000| Untracked |  0
|  92|0x000000008fc00000, 0x000000008fc00000, 0x000000008fd00000|  0%| F|  |TAMS 0x000000008fc00000| PB 0x000000008fc00000| Untracked |  0
|  93|0x000000008fd00000, 0x000000008fd00000, 0x000000008fe00000|  0%| F|  |TAMS 0x000000008fd00000| PB 0x000000008fd00000| Untracked |  0
|  94|0x000000008fe00000, 0x000000008fe00000, 0x000000008ff00000|  0%| F|  |TAMS 0x000000008fe00000| PB 0x000000008fe00000| Untracked |  0
|  95|0x000000008ff00000, 0x000000008ff00000, 0x0000000090000000|  0%| F|  |TAMS 0x000000008ff00000| PB 0x000000008ff00000| Untracked |  0
|  96|0x0000000090000000, 0x0000000090000000, 0x0000000090100000|  0%| F|  |TAMS 0x0000000090000000| PB 0x0000000090000000| Untracked |  0
|  97|0x0000000090100000, 0x0000000090100000, 0x0000000090200000|  0%| F|  |TAMS 0x0000000090100000| PB 0x0000000090100000| Untracked |  0
|  98|0x0000000090200000, 0x0000000090200000, 0x0000000090300000|  0%| F|  |TAMS 0x0000000090200000| PB 0x0000000090200000| Untracked |  0
|  99|0x0000000090300000, 0x0000000090300000, 0x0000000090400000|  0%| F|  |TAMS 0x0000000090300000| PB 0x0000000090300000| Untracked |  0
| 100|0x0000000090400000, 0x0000000090400000, 0x0000000090500000|  0%| F|  |TAMS 0x0000000090400000| PB 0x0000000090400000| Untracked |  0
| 101|0x0000000090500000, 0x0000000090500000, 0x0000000090600000|  0%| F|  |TAMS 0x0000000090500000| PB 0x0000000090500000| Untracked |  0
| 102|0x0000000090600000, 0x0000000090600000, 0x0000000090700000|  0%| F|  |TAMS 0x0000000090600000| PB 0x0000000090600000| Untracked |  0
| 103|0x0000000090700000, 0x0000000090700000, 0x0000000090800000|  0%| F|  |TAMS 0x0000000090700000| PB 0x0000000090700000| Untracked |  0
| 104|0x0000000090800000, 0x0000000090800000, 0x0000000090900000|  0%| F|  |TAMS 0x0000000090800000| PB 0x0000000090800000| Untracked |  0
| 105|0x0000000090900000, 0x0000000090900000, 0x0000000090a00000|  0%| F|  |TAMS 0x0000000090900000| PB 0x0000000090900000| Untracked |  0
| 106|0x0000000090a00000, 0x0000000090a00000, 0x0000000090b00000|  0%| F|  |TAMS 0x0000000090a00000| PB 0x0000000090a00000| Untracked |  0
| 107|0x0000000090b00000, 0x0000000090b00000, 0x0000000090c00000|  0%| F|  |TAMS 0x0000000090b00000| PB 0x0000000090b00000| Untracked |  0
| 108|0x0000000090c00000, 0x0000000090c00000, 0x0000000090d00000|  0%| F|  |TAMS 0x0000000090c00000| PB 0x0000000090c00000| Untracked |  0
| 109|0x0000000090d00000, 0x0000000090d00000, 0x0000000090e00000|  0%| F|  |TAMS 0x0000000090d00000| PB 0x0000000090d00000| Untracked |  0
| 110|0x0000000090e00000, 0x0000000090e00000, 0x0000000090f00000|  0%| F|  |TAMS 0x0000000090e00000| PB 0x0000000090e00000| Untracked |  0
| 111|0x0000000090f00000, 0x0000000090f00000, 0x0000000091000000|  0%| F|  |TAMS 0x0000000090f00000| PB 0x0000000090f00000| Untracked |  0
| 112|0x0000000091000000, 0x0000000091000000, 0x0000000091100000|  0%| F|  |TAMS 0x0000000091000000| PB 0x0000000091000000| Untracked |  0
| 113|0x0000000091100000, 0x0000000091100000, 0x0000000091200000|  0%| F|  |TAMS 0x0000000091100000| PB 0x0000000091100000| Untracked |  0
| 114|0x0000000091200000, 0x0000000091200000, 0x0000000091300000|  0%| F|  |TAMS 0x0000000091200000| PB 0x0000000091200000| Untracked |  0
| 115|0x0000000091300000, 0x00000000913f7ca8, 0x0000000091400000| 96%| E|  |TAMS 0x0000000091300000| PB 0x0000000091300000| Complete |  0
| 116|0x0000000091400000, 0x0000000091500000, 0x0000000091500000|100%| E|CS|TAMS 0x0000000091400000| PB 0x0000000091400000| Complete |  0
| 117|0x0000000091500000, 0x0000000091600000, 0x0000000091600000|100%| E|CS|TAMS 0x0000000091500000| PB 0x0000000091500000| Complete |  0

Card table byte_map: [0x000002547f390000,0x000002547f740000] _byte_map_base: 0x000002547ef40000

Marking Bits: (CMBitMap*) 0x000002546778b850
 Bits: [0x0000025400000000, 0x0000025401d80000)

Polling page: 0x00000254655c0000

Metaspace:

Usage:
  Non-class:      6.80 MB used.
      Class:    656.59 KB used.
       Both:      7.44 MB used.

Virtual space:
  Non-class space:       64.00 MB reserved,       6.88 MB ( 11%) committed,  1 nodes.
      Class space:        1.00 GB reserved,     768.00 KB ( <1%) committed,  1 nodes.
             Both:        1.06 GB reserved,       7.62 MB ( <1%) committed. 

Chunk freelists:
   Non-Class:  9.00 MB
       Class:  15.25 MB
        Both:  24.24 MB

MaxMetaspaceSize: unlimited
CompressedClassSpaceSize: 1.00 GB
Initial GC threshold: 21.00 MB
Current GC threshold: 21.00 MB
CDS: off
 - commit_granule_bytes: 65536.
 - commit_granule_words: 8192.
 - virtual_space_node_default_size: 8388608.
 - enlarge_chunks_in_place: 1.
 - use_allocation_guard: 0.


Internal statistics:

num_allocs_failed_limit: 0.
num_arena_births: 8.
num_arena_deaths: 0.
num_vsnodes_births: 2.
num_vsnodes_deaths: 0.
num_space_committed: 122.
num_space_uncommitted: 0.
num_chunks_returned_to_freelist: 0.
num_chunks_taken_from_freelist: 26.
num_chunk_merges: 0.
num_chunk_splits: 9.
num_chunks_enlarged: 3.
num_inconsistent_stats: 0.

CodeHeap 'non-profiled nmethods': size=120000Kb used=42Kb max_used=42Kb free=119957Kb
 bounds [0x0000025477550000, 0x00000254777c0000, 0x000002547ea80000]
CodeHeap 'profiled nmethods': size=120000Kb used=176Kb max_used=176Kb free=119823Kb
 bounds [0x000002546fa80000, 0x000002546fcf0000, 0x0000025476fb0000]
CodeHeap 'non-nmethods': size=5760Kb used=1291Kb max_used=1304Kb free=4468Kb
 bounds [0x0000025476fb0000, 0x0000025477220000, 0x0000025477550000]
 total_blobs=565 nmethods=159 adapters=311
 compilation: enabled
              stopped_count=0, restarted_count=0
 full_count=0

Compilation events (20 events):
Event: 0.125 Thread 0x000002540422b050 nmethod 144 0x000002546faa8290 code [0x000002546faa8440, 0x000002546faa86b0]
Event: 0.125 Thread 0x000002540422b050  145       3       jdk.internal.util.StrongReferenceKey::<init> (10 bytes)
Event: 0.125 Thread 0x000002540422b050 nmethod 145 0x000002546faa8790 code [0x000002546faa8920, 0x000002546faa8ad8]
Event: 0.125 Thread 0x000002540422b050  147       3       java.lang.invoke.MethodType::checkSlotCount (33 bytes)
Event: 0.125 Thread 0x000002540422b050 nmethod 147 0x000002546faa8b90 code [0x000002546faa8dc0, 0x000002546faa93c0]
Event: 0.125 Thread 0x000002540422b050  148       3       java.lang.AbstractStringBuilder::putStringAt (19 bytes)
Event: 0.126 Thread 0x000002540422b050 nmethod 148 0x000002546faa9610 code [0x000002546faa97e0, 0x000002546faa9ab8]
Event: 0.126 Thread 0x000002540422b050  149       3       java.lang.AbstractStringBuilder::inflateIfNeededFor (22 bytes)
Event: 0.126 Thread 0x000002540422b050 nmethod 149 0x000002546faa9c10 code [0x000002546faa9dc0, 0x000002546faa9fd0]
Event: 0.126 Thread 0x000002540422b050  150       3       java.lang.StringBuilder::append (8 bytes)
Event: 0.126 Thread 0x000002540422b050 nmethod 150 0x000002546faaa110 code [0x000002546faaa2c0, 0x000002546faaa410]
Event: 0.126 Thread 0x000002540422b050  151       3       java.lang.invoke.MemberName::isInvocable (8 bytes)
Event: 0.126 Thread 0x000002540422b050 nmethod 151 0x000002546faaa490 code [0x000002546faaa620, 0x000002546faaa7e8]
Event: 0.126 Thread 0x000002540422b050  152       3       java.util.Arrays::copyOfRange (82 bytes)
Event: 0.126 Thread 0x000002540422b050 nmethod 152 0x000002546faaa890 code [0x000002546faaab20, 0x000002546faab5a0]
Event: 0.127 Thread 0x000002540422b050  154       3       jdk.internal.misc.Unsafe::putReferenceRelease (9 bytes)
Event: 0.127 Thread 0x000002540422b050 nmethod 154 0x000002546faab990 code [0x000002546faabb20, 0x000002546faabc80]
Event: 0.128 Thread 0x000002540422b050  155       3       java.util.concurrent.ConcurrentHashMap::setTabAt (20 bytes)
Event: 0.129 Thread 0x000002540422b050 nmethod 155 0x000002546faabd10 code [0x000002546faabec0, 0x000002546faac0c0]
Event: 0.129 Thread 0x000002540422b050  156 %     3       java.util.Properties$LineReader::readLine @ 224 (584 bytes)

GC Heap History (0 events):
No events

Dll operation events (6 events):
Event: 0.006 Loaded shared library C:\Program Files\Java\jdk-22\bin\java.dll
Event: 0.045 Loaded shared library C:\Program Files\Java\jdk-22\bin\jsvml.dll
Event: 0.077 Loaded shared library C:\Program Files\Java\jdk-22\bin\net.dll
Event: 0.079 Loaded shared library C:\Program Files\Java\jdk-22\bin\nio.dll
Event: 0.086 Loaded shared library C:\Program Files\Java\jdk-22\bin\zip.dll
Event: 0.113 Loaded shared library C:\Program Files\Java\jdk-22\bin\jimage.dll

Deoptimization events (0 events):
No events

Classes loaded (20 events):
Event: 0.125 Loading class java/lang/invoke/MethodHandleImpl$IntrinsicMethodHandle
Event: 0.125 Loading class java/lang/invoke/MethodHandleImpl$IntrinsicMethodHandle done
Event: 0.127 Loading class java/util/Properties$LineReader
Event: 0.127 Loading class java/util/Properties$LineReader done
Event: 0.128 Loading class java/util/concurrent/ConcurrentHashMap$EntrySetView
Event: 0.129 Loading class java/util/concurrent/ConcurrentHashMap$EntrySetView done
Event: 0.129 Loading class java/util/concurrent/ConcurrentHashMap$EntryIterator
Event: 0.129 Loading class java/util/concurrent/ConcurrentHashMap$EntryIterator done
Event: 0.129 Loading class java/util/concurrent/ConcurrentHashMap$MapEntry
Event: 0.129 Loading class java/util/concurrent/ConcurrentHashMap$MapEntry done
Event: 0.129 Loading class java/security/Security$1
Event: 0.129 Loading class jdk/internal/access/JavaSecurityPropertiesAccess
Event: 0.129 Loading class jdk/internal/access/JavaSecurityPropertiesAccess done
Event: 0.129 Loading class java/security/Security$1 done
Event: 0.129 Loading class java/io/FilePermission
Event: 0.129 Loading class java/io/FilePermission done
Event: 0.129 Loading class sun/awt/resources/awt
Event: 0.129 Loading class java/util/ListResourceBundle
Event: 0.129 Loading class java/util/ListResourceBundle done
Event: 0.129 Loading class sun/awt/resources/awt done

Classes unloaded (0 events):
No events

Classes redefined (0 events):
No events

Internal exceptions (1 events):
Event: 0.122 Thread 0x00000254655fd060 Exception <a 'java/lang/ClassNotFoundException'{0x00000000914e94c0}: sun/awt/resources/spi/awtProvider> (0x00000000914e94c0) 
thrown [s\open\src\hotspot\share\classfile\systemDictionary.cpp, line 313]

ZGC Phase Switch (0 events):
No events

VM Operations (0 events):
No events

Events (11 events):
Event: 0.013 Thread 0x00000254655fd060 Thread added: 0x00000254655fd060
Event: 0.041 Thread 0x000002540419d880 Thread added: 0x000002540419d880
Event: 0.041 Thread 0x000002540419e440 Thread added: 0x000002540419e440
Event: 0.043 Thread 0x00000254042267f0 Thread added: 0x00000254042267f0
Event: 0.043 Thread 0x00000254042124f0 Thread added: 0x00000254042124f0
Event: 0.043 Thread 0x0000025404212f50 Thread added: 0x0000025404212f50
Event: 0.043 Thread 0x00000254042139b0 Thread added: 0x00000254042139b0
Event: 0.043 Thread 0x0000025404227580 Thread added: 0x0000025404227580
Event: 0.043 Thread 0x000002540422b050 Thread added: 0x000002540422b050
Event: 0.068 Thread 0x00000254043c1850 Thread added: 0x00000254043c1850
Event: 0.071 Thread 0x00000254043ce710 Thread added: 0x00000254043ce710


Dynamic libraries:
0x00007ff7af0a0000 - 0x00007ff7af0b0000 	C:\Program Files\Java\jdk-22\bin\java.exe
0x00007ff8f4990000 - 0x00007ff8f4ba7000 	C:\Windows\SYSTEM32\ntdll.dll
0x00007ff8f2750000 - 0x00007ff8f2814000 	C:\Windows\System32\KERNEL32.DLL
0x00007ff8f1d60000 - 0x00007ff8f210d000 	C:\Windows\System32\KERNELBASE.dll
0x00007ff8f2430000 - 0x00007ff8f2541000 	C:\Windows\System32\ucrtbase.dll
0x00007ff8ebf00000 - 0x00007ff8ebf1b000 	C:\Program Files\Java\jdk-22\bin\VCRUNTIME140.dll
0x00007ff8e3930000 - 0x00007ff8e3947000 	C:\Program Files\Java\jdk-22\bin\jli.dll
0x00007ff8f2a30000 - 0x00007ff8f2ae2000 	C:\Windows\System32\ADVAPI32.dll
0x00007ff8f2b10000 - 0x00007ff8f2bb7000 	C:\Windows\System32\msvcrt.dll
0x00007ff8f3f80000 - 0x00007ff8f4029000 	C:\Windows\System32\sechost.dll
0x00007ff8f2550000 - 0x00007ff8f2578000 	C:\Windows\System32\bcrypt.dll
0x00007ff8f47a0000 - 0x00007ff8f48b4000 	C:\Windows\System32\RPCRT4.dll
0x00007ff8f2bd0000 - 0x00007ff8f2d7e000 	C:\Windows\System32\USER32.dll
0x00007ff8f2580000 - 0x00007ff8f25a6000 	C:\Windows\System32\win32u.dll
0x00007ff8dc750000 - 0x00007ff8dc9e3000 	C:\Windows\WinSxS\amd64_microsoft.windows.common-controls_6595b64144ccf1df_6.0.22621.3672_none_2713b9d173822955\COMCTL32.dll
0x00007ff8f45c0000 - 0x00007ff8f45e9000 	C:\Windows\System32\GDI32.dll
0x00007ff8f25b0000 - 0x00007ff8f26c9000 	C:\Windows\System32\gdi32full.dll
0x00007ff8f1cc0000 - 0x00007ff8f1d5a000 	C:\Windows\System32\msvcp_win.dll
0x00007ff8e9f70000 - 0x00007ff8e9f7a000 	C:\Windows\SYSTEM32\VERSION.dll
0x00007ff8f3d20000 - 0x00007ff8f3d51000 	C:\Windows\System32\IMM32.DLL
0x00007ff8ecf90000 - 0x00007ff8ecf9c000 	C:\Program Files\Java\jdk-22\bin\vcruntime140_1.dll
0x00007ff8e0b90000 - 0x00007ff8e0c1e000 	C:\Program Files\Java\jdk-22\bin\msvcp140.dll
0x00007ff89f430000 - 0x00007ff8a0177000 	C:\Program Files\Java\jdk-22\bin\server\jvm.dll
0x00007ff8f2d80000 - 0x00007ff8f2df1000 	C:\Windows\System32\WS2_32.dll
0x00007ff8f0b20000 - 0x00007ff8f0b6d000 	C:\Windows\SYSTEM32\POWRPROF.dll
0x00007ff8ec4a0000 - 0x00007ff8ec4d4000 	C:\Windows\SYSTEM32\WINMM.dll
0x00007ff8f0af0000 - 0x00007ff8f0b03000 	C:\Windows\SYSTEM32\UMPDC.dll
0x00007ff8f0db0000 - 0x00007ff8f0dc8000 	C:\Windows\SYSTEM32\kernel.appcore.dll
0x00007ff8ebef0000 - 0x00007ff8ebefa000 	C:\Program Files\Java\jdk-22\bin\jimage.dll
0x00007ff8e6de0000 - 0x00007ff8e7012000 	C:\Windows\SYSTEM32\DBGHELP.DLL
0x00007ff8f3980000 - 0x00007ff8f3d08000 	C:\Windows\System32\combase.dll
0x00007ff8f45f0000 - 0x00007ff8f46c7000 	C:\Windows\System32\OLEAUT32.dll
0x00007ff8e6a90000 - 0x00007ff8e6ac2000 	C:\Windows\SYSTEM32\dbgcore.DLL
0x00007ff8f23b0000 - 0x00007ff8f242b000 	C:\Windows\System32\bcryptPrimitives.dll
0x00007ff8ebd10000 - 0x00007ff8ebd2e000 	C:\Program Files\Java\jdk-22\bin\java.dll
0x00007ff8f2e10000 - 0x00007ff8f366f000 	C:\Windows\System32\SHELL32.dll
0x00007ff8f37d0000 - 0x00007ff8f3975000 	C:\Windows\System32\ole32.dll
0x00007ff8efbd0000 - 0x00007ff8f04cc000 	C:\Windows\SYSTEM32\windows.storage.dll
0x00007ff8efa90000 - 0x00007ff8efbcf000 	C:\Windows\SYSTEM32\wintypes.dll
0x00007ff8f4030000 - 0x00007ff8f4124000 	C:\Windows\System32\SHCORE.dll
0x00007ff8f4740000 - 0x00007ff8f479e000 	C:\Windows\System32\shlwapi.dll
0x00007ff8f1bf0000 - 0x00007ff8f1c11000 	C:\Windows\SYSTEM32\profapi.dll
0x00007ff8b91e0000 - 0x00007ff8b92b7000 	C:\Program Files\Java\jdk-22\bin\jsvml.dll
0x00007ff8ebb60000 - 0x00007ff8ebb70000 	C:\Program Files\Java\jdk-22\bin\net.dll
0x00007ff8f1230000 - 0x00007ff8f1299000 	C:\Windows\system32\mswsock.dll
0x00007ff8e9fe0000 - 0x00007ff8e9ff6000 	C:\Program Files\Java\jdk-22\bin\nio.dll
0x00007ff8e8e40000 - 0x00007ff8e8e57000 	C:\Program Files\Java\jdk-22\bin\zip.dll

dbghelp: loaded successfully - version: 4.0.5 - missing functions: none
symbol engine: initialized successfully - sym options: 0x614 - pdb path: .;C:\Program Files\Java\jdk-22\bin;C:\Windows\SYSTEM32;C:\Windows\WinSxS\amd64_microsoft.windows.common-controls_6595b64144ccf1df_6.0.22621.3672_none_2713b9d173822955;C:\Program Files\Java\jdk-22\bin\server

VM Arguments:
jvm_args: -Dfile.encoding=UTF-8 
java_command: travel.management.system.Login
java_class_path (initial): C:\Users\LENOVO\Downloads\mysql-connector-j-9.0.0\mysql-connector-j-9.0.0\mysql-connector-j-9.0.0.jar;C:\Users\LENOVO\Desktop\Travel-and-Toursim-Management\Travel-and-Toursim-Management-System-master\Travel Management System\build\classes
Launcher Type: SUN_STANDARD

[Global flags]
     intx CICompilerCount                          = 4                                         {product} {ergonomic}
     uint ConcGCThreads                            = 3                                         {product} {ergonomic}
     uint G1ConcRefinementThreads                  = 10                                        {product} {ergonomic}
   size_t G1HeapRegionSize                         = 1048576                                   {product} {ergonomic}
   size_t InitialHeapSize                          = 123731968                                 {product} {ergonomic}
   size_t MarkStackSize                            = 4194304                                   {product} {ergonomic}
   size_t MaxHeapSize                              = 1979711488                                {product} {ergonomic}
   size_t MaxNewSize                               = 1186988032                                {product} {ergonomic}
   size_t MinHeapDeltaBytes                        = 1048576                                   {product} {ergonomic}
   size_t MinHeapSize                              = 8388608                                   {product} {ergonomic}
    uintx NonNMethodCodeHeapSize                   = 5839372                                {pd product} {ergonomic}
    uintx NonProfiledCodeHeapSize                  = 122909434                              {pd product} {ergonomic}
    uintx ProfiledCodeHeapSize                     = 122909434                              {pd product} {ergonomic}
    uintx ReservedCodeCacheSize                    = 251658240                              {pd product} {ergonomic}
     bool SegmentedCodeCache                       = true                                      {product} {ergonomic}
   size_t SoftMaxHeapSize                          = 1979711488                             {manageable} {ergonomic}
     bool UseCompressedOops                        = true                           {product lp64_product} {ergonomic}
     bool UseG1GC                                  = true                                      {product} {ergonomic}
     bool UseLargePagesIndividualAllocation        = false                                  {pd product} {ergonomic}

Logging:
Log output configuration:
 #0: stdout all=warning uptime,level,tags foldmultilines=false
 #1: stderr all=off uptime,level,tags foldmultilines=false

Environment Variables:
JAVA_HOME=C:\Program Files\Java\jdk-22
PATH=C:\Program Files\Common Files\Oracle\Java\javapath;C:\Windows\system32;C:\Windows;C:\Windows\System32\Wbem;C:\Windows\System32\WindowsPowerShell\v1.0\;C:\Windows\System32\OpenSSH\;C:\Program Files\Microsoft SQL Server\150\Tools\Binn\;C:\Program Files\Microsoft SQL Server\Client SDK\ODBC\170\Tools\Binn\;C:\Program Files\dotnet\;C:\Program Files (x86)\Microsoft SQL Server\160\Tools\Binn\;C:\Program Files\Microsoft SQL Server\160\Tools\Binn\;C:\Program Files\Microsoft SQL Server\160\DTS\Binn\;C:\Program Files (x86)\Microsoft SQL Server\160\DTS\Binn\;C:\Program Files\nodejs\;C:\Program Files\Git\cmd;C:\Program Files\Java\jdk-22\bin;C:\Users\LENOVO\AppData\Local\Microsoft\WindowsApps;C:\Users\LENOVO\AppData\Local\Programs\Microsoft VS Code\bin;C:\Users\LENOVO\.dotnet\tools;C:\Users\LENOVO\AppData\Roaming\npm;C:\Program Files\MongoDB\Server\7.0\data\;C:\Program Files\MongoDB\Server\7.0\bin;
USERNAME=LENOVO
OS=Windows_NT
PROCESSOR_IDENTIFIER=AMD64 Family 23 Model 96 Stepping 1, AuthenticAMD
TMP=C:\Users\LENOVO\AppData\Local\Temp
TEMP=C:\Users\LENOVO\AppData\Local\Temp




Periodic native trim disabled

---------------  S Y S T E M  ---------------

OS:
 Windows 11 , 64 bit Build 22621 (10.0.22621.3672)
OS uptime: 3 days 0:13 hours
Hyper-V role detected

CPU: total 12 (initial active 12) (12 cores per cpu, 2 threads per core) family 23 model 96 stepping 1 microcode 0x0, cx8, cmov, fxsr, ht, mmx, 3dnowpref, sse, sse2, sse3, ssse3, sse4a, sse4.1, sse4.2, popcnt, lzcnt, tsc, tscinvbit, avx, avx2, aes, clmul, bmi1, bmi2, adx, sha, fma, vzeroupper, clflush, clflushopt, hv, rdtscp, rdpid, f16c
Processor Information for all 12 processors :
  Max Mhz: 3000, Current Mhz: 3000, Mhz Limit: 3000

Memory: 4k page, system-wide physical 7549M (897M free)
TotalPageFile size 31101M (AvailPageFile size 4M)
current process WorkingSet (physical memory assigned to process): 34M, peak: 34M
current process commit charge ("private bytes"): 200M, peak: 200M

vm_info: Java HotSpot(TM) 64-Bit Server VM (22.0.1+8-16) for windows-amd64 JRE (22.0.1+8-16), built on 2024-03-12T10:33:16Z by "mach5one" with MS VC++ 17.6 (VS2022)

END.
