#
# There is insufficient memory for the Java Runtime Environment to continue.
# Native memory allocation (mmap) failed to map 123731968 bytes. Error detail: G1 virtual space
# Possible reasons:
#   The system is out of physical RAM or swap space
#   This process is running with CompressedOops enabled, and the Java Heap may be blocking the growth of the native heap
# Possible solutions:
#   Reduce memory load on the system
#   Increase physical memory or swap space
#   Check if swap backing store is full
#   Decrease Java heap size (-Xmx/-Xms)
#   Decrease number of Java threads
#   Decrease Java thread stack sizes (-Xss)
#   Set larger code cache with -XX:ReservedCodeCacheSize=
#   JVM is running with Unscaled Compressed Oops mode in which the Java heap is
#     placed in the first 4GB address space. The Java Heap base address is the
#     maximum limit for the native heap growth. Please use -XX:HeapBaseMinAddress
#     to set the Java Heap base and to place the Java Heap above 4GB virtual address.
# This output file may be truncated or incomplete.
#
#  Out of Memory Error (os_windows.cpp:3631), pid=11356, tid=3604
#
# JRE version:  (22.0.1+8) (build )
# Java VM: Java HotSpot(TM) 64-Bit Server VM (22.0.1+8-16, mixed mode, sharing, tiered, compressed oops, compressed class ptrs, g1 gc, windows-amd64)
# No core dump will be written. Minidumps are not enabled by default on client versions of Windows
#

---------------  S U M M A R Y ------------

Command Line: -Dfile.encoding=UTF-8 travel.management.system.Login

Host: AMD Ryzen 5 4600H with Radeon Graphics         , 12 cores, 7G,  Windows 11 , 64 bit Build 22621 (10.0.22621.3672)
Time: Sat Jul 13 16:29:05 2024 India Standard Time elapsed time: 0.020366 seconds (0d 0h 0m 0s)

---------------  T H R E A D  ---------------

Current thread (0x0000021d78e8b830):  JavaThread "Unknown thread" [_thread_in_vm, id=3604, stack(0x000000c9b4800000,0x000000c9b4900000) (1024K)]

Stack: [0x000000c9b4800000,0x000000c9b4900000]
Native frames: (J=compiled Java code, j=interpreted, Vv=VM code, C=native code)
V  [jvm.dll+0x6e2279]  (no source info available)
V  [jvm.dll+0x874e33]  (no source info available)
V  [jvm.dll+0x87725e]  (no source info available)
V  [jvm.dll+0x877933]  (no source info available)
V  [jvm.dll+0x27fd76]  (no source info available)
V  [jvm.dll+0x6de915]  (no source info available)
V  [jvm.dll+0x6d341a]  (no source info available)
V  [jvm.dll+0x3589da]  (no source info available)
V  [jvm.dll+0x360f06]  (no source info available)
V  [jvm.dll+0x3b3e2e]  (no source info available)
V  [jvm.dll+0x3b40d8]  (no source info available)
V  [jvm.dll+0x32c59c]  (no source info available)
V  [jvm.dll+0x32d158]  (no source info available)
V  [jvm.dll+0x83ccdc]  (no source info available)
V  [jvm.dll+0x3c0d71]  (no source info available)
V  [jvm.dll+0x825ccc]  (no source info available)
V  [jvm.dll+0x45b8fe]  (no source info available)
V  [jvm.dll+0x45d781]  (no source info available)
C  [jli.dll+0x52a3]  (no source info available)
C  [ucrtbase.dll+0x29333]  (no source info available)
C  [KERNEL32.DLL+0x1257d]  (no source info available)
C  [ntdll.dll+0x5af28]  (no source info available)


---------------  P R O C E S S  ---------------

Threads class SMR info:
_java_thread_list=0x00007ff8a001b1c8, length=0, elements={
}

Java Threads: ( => current thread )
Total: 0

Other Threads:
  0x0000021d7b10aab0 WorkerThread "GC Thread#0"                     [id=16448, stack(0x000000c9b4900000,0x000000c9b4a00000) (1024K)]
  0x0000021d7b11b6b0 ConcurrentGCThread "G1 Main Marker"            [id=21740, stack(0x000000c9b4a00000,0x000000c9b4b00000) (1024K)]
  0x0000021d7b11cb80 WorkerThread "G1 Conc#0"                       [id=21640, stack(0x000000c9b4b00000,0x000000c9b4c00000) (1024K)]

[error occurred during error reporting (printing all threads), id 0xc0000005, EXCEPTION_ACCESS_VIOLATION (0xc0000005) at pc=0x00007ff89f76f367]
VM state: not at safepoint (not fully initialized)

VM Mutex/Monitor currently owned by a thread:  ([mutex/lock_event])
[0x00007ff8a009bcb8] Heap_lock - owner thread: 0x0000021d78e8b830

Heap address: 0x000000008a000000, size: 1888 MB, Compressed Oops mode: 32-bit

CDS archive(s) mapped at: [0x0000000000000000-0x0000000000000000-0x0000000000000000), size 0, SharedBaseAddress: 0x0000000800000000, ArchiveRelocationMode: 1.
Narrow klass base: 0x0000000000000000, Narrow klass shift: 0, Narrow klass range: 0x0

GC Precious Log:
 CardTable entry size: 512
 Card Set container configuration: InlinePtr #cards 5 size 8 Array Of Cards #cards 12 size 40 Howl #buckets 4 coarsen threshold 1843 Howl Bitmap #cards 512 size 80 coarsen threshold 460 Card regions per heap region 1 cards per card region 2048

Heap:
 garbage-first heap   total reserved 1933312K, committed 0K, used 0K [0x000000008a000000, 0x0000000100000000)
  region size 1024K, 0 young (0K), 0 survivors (0K)

[error occurred during error reporting (printing heap information), id 0xc0000005, EXCEPTION_ACCESS_VIOLATION (0xc0000005) at pc=0x00007ff89fb6e429]
GC Heap History (0 events):
No events

Dll operation events (1 events):
Event: 0.006 Loaded shared library C:\Program Files\Java\jdk-22\bin\java.dll

Deoptimization events (0 events):
No events

Classes loaded (0 events):
No events

Classes unloaded (0 events):
No events

Classes redefined (0 events):
No events

Internal exceptions (0 events):
No events

ZGC Phase Switch (0 events):
No events

VM Operations (0 events):
No events

Events (0 events):
No events


Dynamic libraries:
0x00007ff7af0a0000 - 0x00007ff7af0b0000 	C:\Program Files\Java\jdk-22\bin\java.exe
0x00007ff8f4990000 - 0x00007ff8f4ba7000 	C:\Windows\SYSTEM32\ntdll.dll
0x00007ff8f2750000 - 0x00007ff8f2814000 	C:\Windows\System32\KERNEL32.DLL
0x00007ff8f1d60000 - 0x00007ff8f210d000 	C:\Windows\System32\KERNELBASE.dll
0x00007ff8f2430000 - 0x00007ff8f2541000 	C:\Windows\System32\ucrtbase.dll
0x00007ff8ebf00000 - 0x00007ff8ebf1b000 	C:\Program Files\Java\jdk-22\bin\VCRUNTIME140.dll
0x00007ff8e3930000 - 0x00007ff8e3947000 	C:\Program Files\Java\jdk-22\bin\jli.dll
0x00007ff8f2a30000 - 0x00007ff8f2ae2000 	C:\Windows\System32\ADVAPI32.dll
0x00007ff8f2b10000 - 0x00007ff8f2bb7000 	C:\Windows\System32\msvcrt.dll
0x00007ff8f3f80000 - 0x00007ff8f4029000 	C:\Windows\System32\sechost.dll
0x00007ff8f2550000 - 0x00007ff8f2578000 	C:\Windows\System32\bcrypt.dll
0x00007ff8f47a0000 - 0x00007ff8f48b4000 	C:\Windows\System32\RPCRT4.dll
0x00007ff8f2bd0000 - 0x00007ff8f2d7e000 	C:\Windows\System32\USER32.dll
0x00007ff8f2580000 - 0x00007ff8f25a6000 	C:\Windows\System32\win32u.dll
0x00007ff8dc750000 - 0x00007ff8dc9e3000 	C:\Windows\WinSxS\amd64_microsoft.windows.common-controls_6595b64144ccf1df_6.0.22621.3672_none_2713b9d173822955\COMCTL32.dll
0x00007ff8f45c0000 - 0x00007ff8f45e9000 	C:\Windows\System32\GDI32.dll
0x00007ff8f25b0000 - 0x00007ff8f26c9000 	C:\Windows\System32\gdi32full.dll
0x00007ff8f1cc0000 - 0x00007ff8f1d5a000 	C:\Windows\System32\msvcp_win.dll
0x00007ff8e9f70000 - 0x00007ff8e9f7a000 	C:\Windows\SYSTEM32\VERSION.dll
0x00007ff8f3d20000 - 0x00007ff8f3d51000 	C:\Windows\System32\IMM32.DLL
0x00007ff8ecf90000 - 0x00007ff8ecf9c000 	C:\Program Files\Java\jdk-22\bin\vcruntime140_1.dll
0x00007ff8e0b90000 - 0x00007ff8e0c1e000 	C:\Program Files\Java\jdk-22\bin\msvcp140.dll
0x00007ff89f430000 - 0x00007ff8a0177000 	C:\Program Files\Java\jdk-22\bin\server\jvm.dll
0x00007ff8f2d80000 - 0x00007ff8f2df1000 	C:\Windows\System32\WS2_32.dll
0x00007ff8f0b20000 - 0x00007ff8f0b6d000 	C:\Windows\SYSTEM32\POWRPROF.dll
0x00007ff8ec4a0000 - 0x00007ff8ec4d4000 	C:\Windows\SYSTEM32\WINMM.dll
0x00007ff8f0af0000 - 0x00007ff8f0b03000 	C:\Windows\SYSTEM32\UMPDC.dll
0x00007ff8f0db0000 - 0x00007ff8f0dc8000 	C:\Windows\SYSTEM32\kernel.appcore.dll
0x00007ff8ebef0000 - 0x00007ff8ebefa000 	C:\Program Files\Java\jdk-22\bin\jimage.dll
0x00007ff8e6de0000 - 0x00007ff8e7012000 	C:\Windows\SYSTEM32\DBGHELP.DLL
0x00007ff8f3980000 - 0x00007ff8f3d08000 	C:\Windows\System32\combase.dll
0x00007ff8f45f0000 - 0x00007ff8f46c7000 	C:\Windows\System32\OLEAUT32.dll
0x00007ff8e6a90000 - 0x00007ff8e6ac2000 	C:\Windows\SYSTEM32\dbgcore.DLL
0x00007ff8f23b0000 - 0x00007ff8f242b000 	C:\Windows\System32\bcryptPrimitives.dll
0x00007ff8ebd10000 - 0x00007ff8ebd2e000 	C:\Program Files\Java\jdk-22\bin\java.dll
0x00007ff8f2e10000 - 0x00007ff8f366f000 	C:\Windows\System32\SHELL32.dll
0x00007ff8f37d0000 - 0x00007ff8f3975000 	C:\Windows\System32\ole32.dll

dbghelp: loaded successfully - version: 4.0.5 - missing functions: none
symbol engine: initialized successfully - sym options: 0x614 - pdb path: .;C:\Program Files\Java\jdk-22\bin;C:\Windows\SYSTEM32;C:\Windows\WinSxS\amd64_microsoft.windows.common-controls_6595b64144ccf1df_6.0.22621.3672_none_2713b9d173822955;C:\Program Files\Java\jdk-22\bin\server

VM Arguments:
jvm_args: -Dfile.encoding=UTF-8 
java_command: travel.management.system.Login
java_class_path (initial): C:\Users\LENOVO\Downloads\mysql-connector-j-9.0.0\mysql-connector-j-9.0.0\mysql-connector-j-9.0.0.jar;C:\Users\LENOVO\Desktop\Travel-and-Toursim-Management\Travel-and-Toursim-Management-System-master\Travel Management System\build\classes
Launcher Type: SUN_STANDARD

[Global flags]
     intx CICompilerCount                          = 4                                         {product} {ergonomic}
     uint ConcGCThreads                            = 3                                         {product} {ergonomic}
     uint G1ConcRefinementThreads                  = 10                                        {product} {ergonomic}
   size_t G1HeapRegionSize                         = 1048576                                   {product} {ergonomic}
   size_t InitialHeapSize                          = 123731968                                 {product} {ergonomic}
   size_t MarkStackSize                            = 4194304                                   {product} {ergonomic}
   size_t MaxHeapSize                              = 1979711488                                {product} {ergonomic}
   size_t MinHeapDeltaBytes                        = 1048576                                   {product} {ergonomic}
   size_t MinHeapSize                              = 8388608                                   {product} {ergonomic}
    uintx NonNMethodCodeHeapSize                   = 5839372                                {pd product} {ergonomic}
    uintx NonProfiledCodeHeapSize                  = 122909434                              {pd product} {ergonomic}
    uintx ProfiledCodeHeapSize                     = 122909434                              {pd product} {ergonomic}
    uintx ReservedCodeCacheSize                    = 251658240                              {pd product} {ergonomic}
     bool SegmentedCodeCache                       = true                                      {product} {ergonomic}
   size_t SoftMaxHeapSize                          = 1979711488                             {manageable} {ergonomic}
     bool UseCompressedOops                        = true                           {product lp64_product} {ergonomic}
     bool UseG1GC                                  = true                                      {product} {ergonomic}
     bool UseLargePagesIndividualAllocation        = false                                  {pd product} {ergonomic}

Logging:
Log output configuration:
 #0: stdout all=warning uptime,level,tags foldmultilines=false
 #1: stderr all=off uptime,level,tags foldmultilines=false

Environment Variables:
JAVA_HOME=C:\Program Files\Java\jdk-22
PATH=C:\Program Files\Common Files\Oracle\Java\javapath;C:\Windows\system32;C:\Windows;C:\Windows\System32\Wbem;C:\Windows\System32\WindowsPowerShell\v1.0\;C:\Windows\System32\OpenSSH\;C:\Program Files\Microsoft SQL Server\150\Tools\Binn\;C:\Program Files\Microsoft SQL Server\Client SDK\ODBC\170\Tools\Binn\;C:\Program Files\dotnet\;C:\Program Files (x86)\Microsoft SQL Server\160\Tools\Binn\;C:\Program Files\Microsoft SQL Server\160\Tools\Binn\;C:\Program Files\Microsoft SQL Server\160\DTS\Binn\;C:\Program Files (x86)\Microsoft SQL Server\160\DTS\Binn\;C:\Program Files\nodejs\;C:\Program Files\Git\cmd;C:\Program Files\Java\jdk-22\bin;C:\Users\LENOVO\AppData\Local\Microsoft\WindowsApps;C:\Users\LENOVO\AppData\Local\Programs\Microsoft VS Code\bin;C:\Users\LENOVO\.dotnet\tools;C:\Users\LENOVO\AppData\Roaming\npm;C:\Program Files\MongoDB\Server\7.0\data\;C:\Program Files\MongoDB\Server\7.0\bin;
USERNAME=LENOVO
OS=Windows_NT
PROCESSOR_IDENTIFIER=AMD64 Family 23 Model 96 Stepping 1, AuthenticAMD
TMP=C:\Users\LENOVO\AppData\Local\Temp
TEMP=C:\Users\LENOVO\AppData\Local\Temp




Periodic native trim disabled

---------------  S Y S T E M  ---------------

OS:
 Windows 11 , 64 bit Build 22621 (10.0.22621.3672)
OS uptime: 3 days 0:12 hours
Hyper-V role detected

CPU: total 12 (initial active 12) (12 cores per cpu, 2 threads per core) family 23 model 96 stepping 1 microcode 0x0, cx8, cmov, fxsr, ht, mmx, 3dnowpref, sse, sse2, sse3, ssse3, sse4a, sse4.1, sse4.2, popcnt, lzcnt, tsc, tscinvbit, avx, avx2, aes, clmul, bmi1, bmi2, adx, sha, fma, vzeroupper, clflush, clflushopt, hv, rdtscp, rdpid, f16c
Processor Information for all 12 processors :
  Max Mhz: 3000, Current Mhz: 3000, Mhz Limit: 3000

Memory: 4k page, system-wide physical 7549M (918M free)
TotalPageFile size 31101M (AvailPageFile size 121M)
current process WorkingSet (physical memory assigned to process): 12M, peak: 12M
current process commit charge ("private bytes"): 64M, peak: 182M

vm_info: Java HotSpot(TM) 64-Bit Server VM (22.0.1+8-16) for windows-amd64 JRE (22.0.1+8-16), built on 2024-03-12T10:33:16Z by "mach5one" with MS VC++ 17.6 (VS2022)

END.
